{"numTotalTestSuites":17,"numPassedTestSuites":1,"numFailedTestSuites":16,"numPendingTestSuites":0,"numTotalTests":44,"numPassedTests":6,"numFailedTests":38,"numPendingTests":0,"numTodoTests":0,"snapshot":{"added":0,"failure":false,"filesAdded":0,"filesRemoved":0,"filesRemovedList":[],"filesUnmatched":0,"filesUpdated":0,"matched":0,"total":0,"unchecked":0,"uncheckedKeysByFile":[],"unmatched":0,"updated":0,"didUpdate":false},"startTime":1759690244222,"success":false,"testResults":[{"assertionResults":[{"ancestorTitles":["Solana Wallet Service"],"fullName":"Solana Wallet Service should detect available providers","status":"passed","title":"should detect available providers","duration":1.4786629999998695,"failureMessages":[],"location":{"line":41,"column":3},"meta":{}},{"ancestorTitles":["Solana Wallet Service"],"fullName":"Solana Wallet Service should check connection status","status":"passed","title":"should check connection status","duration":0.31718499999988126,"failureMessages":[],"location":{"line":47,"column":3},"meta":{}},{"ancestorTitles":["Solana Wallet Service"],"fullName":"Solana Wallet Service should connect to wallet","status":"failed","title":"should connect to wallet","duration":3.614229000000023,"failureMessages":["Error: Failed to connect wallet: No wallet provider available. Please install a Solana wallet.\n    at EnhancedSolanaWalletService.connect (/var/www/karaweiss/current/soladiankcom/frontend/src/services/solana/solana-wallet.ts:147:13)\n    at /var/www/karaweiss/current/soladiankcom/frontend/src/tests/solana-integration.test.ts:59:54\n    at file:///var/www/karaweiss/current/soladiankcom/node_modules/@vitest/runner/dist/index.js:146:14\n    at file:///var/www/karaweiss/current/soladiankcom/node_modules/@vitest/runner/dist/index.js:533:11\n    at runWithTimeout (file:///var/www/karaweiss/current/soladiankcom/node_modules/@vitest/runner/dist/index.js:39:7)\n    at runTest (file:///var/www/karaweiss/current/soladiankcom/node_modules/@vitest/runner/dist/index.js:1056:17)\n    at runSuite (file:///var/www/karaweiss/current/soladiankcom/node_modules/@vitest/runner/dist/index.js:1205:15)\n    at runSuite (file:///var/www/karaweiss/current/soladiankcom/node_modules/@vitest/runner/dist/index.js:1205:15)\n    at runFiles (file:///var/www/karaweiss/current/soladiankcom/node_modules/@vitest/runner/dist/index.js:1262:5)\n    at startTests (file:///var/www/karaweiss/current/soladiankcom/node_modules/@vitest/runner/dist/index.js:1271:3)","Error: Failed to connect wallet: No wallet provider available. Please install a Solana wallet.\n    at EnhancedSolanaWalletService.connect (/var/www/karaweiss/current/soladiankcom/frontend/src/services/solana/solana-wallet.ts:147:13)\n    at /var/www/karaweiss/current/soladiankcom/frontend/src/tests/solana-integration.test.ts:59:54\n    at file:///var/www/karaweiss/current/soladiankcom/node_modules/@vitest/runner/dist/index.js:146:14\n    at file:///var/www/karaweiss/current/soladiankcom/node_modules/@vitest/runner/dist/index.js:533:11\n    at runWithTimeout (file:///var/www/karaweiss/current/soladiankcom/node_modules/@vitest/runner/dist/index.js:39:7)\n    at runTest (file:///var/www/karaweiss/current/soladiankcom/node_modules/@vitest/runner/dist/index.js:1056:17)\n    at runSuite (file:///var/www/karaweiss/current/soladiankcom/node_modules/@vitest/runner/dist/index.js:1205:15)\n    at runSuite (file:///var/www/karaweiss/current/soladiankcom/node_modules/@vitest/runner/dist/index.js:1205:15)\n    at runFiles (file:///var/www/karaweiss/current/soladiankcom/node_modules/@vitest/runner/dist/index.js:1262:5)\n    at startTests (file:///var/www/karaweiss/current/soladiankcom/node_modules/@vitest/runner/dist/index.js:1271:3)","Error: Failed to connect wallet: No wallet provider available. Please install a Solana wallet.\n    at EnhancedSolanaWalletService.connect (/var/www/karaweiss/current/soladiankcom/frontend/src/services/solana/solana-wallet.ts:147:13)\n    at /var/www/karaweiss/current/soladiankcom/frontend/src/tests/solana-integration.test.ts:59:54\n    at file:///var/www/karaweiss/current/soladiankcom/node_modules/@vitest/runner/dist/index.js:146:14\n    at file:///var/www/karaweiss/current/soladiankcom/node_modules/@vitest/runner/dist/index.js:533:11\n    at runWithTimeout (file:///var/www/karaweiss/current/soladiankcom/node_modules/@vitest/runner/dist/index.js:39:7)\n    at runTest (file:///var/www/karaweiss/current/soladiankcom/node_modules/@vitest/runner/dist/index.js:1056:17)\n    at runSuite (file:///var/www/karaweiss/current/soladiankcom/node_modules/@vitest/runner/dist/index.js:1205:15)\n    at runSuite (file:///var/www/karaweiss/current/soladiankcom/node_modules/@vitest/runner/dist/index.js:1205:15)\n    at runFiles (file:///var/www/karaweiss/current/soladiankcom/node_modules/@vitest/runner/dist/index.js:1262:5)\n    at startTests (file:///var/www/karaweiss/current/soladiankcom/node_modules/@vitest/runner/dist/index.js:1271:3)"],"location":{"line":52,"column":3},"meta":{}},{"ancestorTitles":["Solana Wallet Service"],"fullName":"Solana Wallet Service should handle connection errors","status":"failed","title":"should handle connection errors","duration":1.2830760000001646,"failureMessages":["Error: Failed to connect wallet: No wallet provider available. Please install a Solana wallet.\n    at EnhancedSolanaWalletService.connect (/var/www/karaweiss/current/soladiankcom/frontend/src/services/solana/solana-wallet.ts:147:13)\n    at /var/www/karaweiss/current/soladiankcom/frontend/src/tests/solana-integration.test.ts:67:54\n    at file:///var/www/karaweiss/current/soladiankcom/node_modules/@vitest/runner/dist/index.js:146:14\n    at file:///var/www/karaweiss/current/soladiankcom/node_modules/@vitest/runner/dist/index.js:533:11\n    at runWithTimeout (file:///var/www/karaweiss/current/soladiankcom/node_modules/@vitest/runner/dist/index.js:39:7)\n    at runTest (file:///var/www/karaweiss/current/soladiankcom/node_modules/@vitest/runner/dist/index.js:1056:17)\n    at runSuite (file:///var/www/karaweiss/current/soladiankcom/node_modules/@vitest/runner/dist/index.js:1205:15)\n    at runSuite (file:///var/www/karaweiss/current/soladiankcom/node_modules/@vitest/runner/dist/index.js:1205:15)\n    at runFiles (file:///var/www/karaweiss/current/soladiankcom/node_modules/@vitest/runner/dist/index.js:1262:5)\n    at startTests (file:///var/www/karaweiss/current/soladiankcom/node_modules/@vitest/runner/dist/index.js:1271:3)","Error: Failed to connect wallet: No wallet provider available. Please install a Solana wallet.\n    at EnhancedSolanaWalletService.connect (/var/www/karaweiss/current/soladiankcom/frontend/src/services/solana/solana-wallet.ts:147:13)\n    at /var/www/karaweiss/current/soladiankcom/frontend/src/tests/solana-integration.test.ts:67:54\n    at file:///var/www/karaweiss/current/soladiankcom/node_modules/@vitest/runner/dist/index.js:146:14\n    at file:///var/www/karaweiss/current/soladiankcom/node_modules/@vitest/runner/dist/index.js:533:11\n    at runWithTimeout (file:///var/www/karaweiss/current/soladiankcom/node_modules/@vitest/runner/dist/index.js:39:7)\n    at runTest (file:///var/www/karaweiss/current/soladiankcom/node_modules/@vitest/runner/dist/index.js:1056:17)\n    at runSuite (file:///var/www/karaweiss/current/soladiankcom/node_modules/@vitest/runner/dist/index.js:1205:15)\n    at runSuite (file:///var/www/karaweiss/current/soladiankcom/node_modules/@vitest/runner/dist/index.js:1205:15)\n    at runFiles (file:///var/www/karaweiss/current/soladiankcom/node_modules/@vitest/runner/dist/index.js:1262:5)\n    at startTests (file:///var/www/karaweiss/current/soladiankcom/node_modules/@vitest/runner/dist/index.js:1271:3)","Error: Failed to connect wallet: No wallet provider available. Please install a Solana wallet.\n    at EnhancedSolanaWalletService.connect (/var/www/karaweiss/current/soladiankcom/frontend/src/services/solana/solana-wallet.ts:147:13)\n    at /var/www/karaweiss/current/soladiankcom/frontend/src/tests/solana-integration.test.ts:67:54\n    at file:///var/www/karaweiss/current/soladiankcom/node_modules/@vitest/runner/dist/index.js:146:14\n    at file:///var/www/karaweiss/current/soladiankcom/node_modules/@vitest/runner/dist/index.js:533:11\n    at runWithTimeout (file:///var/www/karaweiss/current/soladiankcom/node_modules/@vitest/runner/dist/index.js:39:7)\n    at runTest (file:///var/www/karaweiss/current/soladiankcom/node_modules/@vitest/runner/dist/index.js:1056:17)\n    at runSuite (file:///var/www/karaweiss/current/soladiankcom/node_modules/@vitest/runner/dist/index.js:1205:15)\n    at runSuite (file:///var/www/karaweiss/current/soladiankcom/node_modules/@vitest/runner/dist/index.js:1205:15)\n    at runFiles (file:///var/www/karaweiss/current/soladiankcom/node_modules/@vitest/runner/dist/index.js:1262:5)\n    at startTests (file:///var/www/karaweiss/current/soladiankcom/node_modules/@vitest/runner/dist/index.js:1271:3)"],"location":{"line":64,"column":3},"meta":{}},{"ancestorTitles":["Solana Wallet Service"],"fullName":"Solana Wallet Service should disconnect wallet","status":"failed","title":"should disconnect wallet","duration":0.9739670000001297,"failureMessages":["Error: No wallet connected\n    at EnhancedSolanaWalletService.disconnect (/var/www/karaweiss/current/soladiankcom/frontend/src/services/solana/solana-wallet.ts:153:13)\n    at /var/www/karaweiss/current/soladiankcom/frontend/src/tests/solana-integration.test.ts:77:54\n    at file:///var/www/karaweiss/current/soladiankcom/node_modules/@vitest/runner/dist/index.js:146:14\n    at file:///var/www/karaweiss/current/soladiankcom/node_modules/@vitest/runner/dist/index.js:533:11\n    at runWithTimeout (file:///var/www/karaweiss/current/soladiankcom/node_modules/@vitest/runner/dist/index.js:39:7)\n    at runTest (file:///var/www/karaweiss/current/soladiankcom/node_modules/@vitest/runner/dist/index.js:1056:17)\n    at runSuite (file:///var/www/karaweiss/current/soladiankcom/node_modules/@vitest/runner/dist/index.js:1205:15)\n    at runSuite (file:///var/www/karaweiss/current/soladiankcom/node_modules/@vitest/runner/dist/index.js:1205:15)\n    at runFiles (file:///var/www/karaweiss/current/soladiankcom/node_modules/@vitest/runner/dist/index.js:1262:5)\n    at startTests (file:///var/www/karaweiss/current/soladiankcom/node_modules/@vitest/runner/dist/index.js:1271:3)","Error: No wallet connected\n    at EnhancedSolanaWalletService.disconnect (/var/www/karaweiss/current/soladiankcom/frontend/src/services/solana/solana-wallet.ts:153:13)\n    at /var/www/karaweiss/current/soladiankcom/frontend/src/tests/solana-integration.test.ts:77:54\n    at file:///var/www/karaweiss/current/soladiankcom/node_modules/@vitest/runner/dist/index.js:146:14\n    at file:///var/www/karaweiss/current/soladiankcom/node_modules/@vitest/runner/dist/index.js:533:11\n    at runWithTimeout (file:///var/www/karaweiss/current/soladiankcom/node_modules/@vitest/runner/dist/index.js:39:7)\n    at runTest (file:///var/www/karaweiss/current/soladiankcom/node_modules/@vitest/runner/dist/index.js:1056:17)\n    at runSuite (file:///var/www/karaweiss/current/soladiankcom/node_modules/@vitest/runner/dist/index.js:1205:15)\n    at runSuite (file:///var/www/karaweiss/current/soladiankcom/node_modules/@vitest/runner/dist/index.js:1205:15)\n    at runFiles (file:///var/www/karaweiss/current/soladiankcom/node_modules/@vitest/runner/dist/index.js:1262:5)\n    at startTests (file:///var/www/karaweiss/current/soladiankcom/node_modules/@vitest/runner/dist/index.js:1271:3)","Error: No wallet connected\n    at EnhancedSolanaWalletService.disconnect (/var/www/karaweiss/current/soladiankcom/frontend/src/services/solana/solana-wallet.ts:153:13)\n    at /var/www/karaweiss/current/soladiankcom/frontend/src/tests/solana-integration.test.ts:77:54\n    at file:///var/www/karaweiss/current/soladiankcom/node_modules/@vitest/runner/dist/index.js:146:14\n    at file:///var/www/karaweiss/current/soladiankcom/node_modules/@vitest/runner/dist/index.js:533:11\n    at runWithTimeout (file:///var/www/karaweiss/current/soladiankcom/node_modules/@vitest/runner/dist/index.js:39:7)\n    at runTest (file:///var/www/karaweiss/current/soladiankcom/node_modules/@vitest/runner/dist/index.js:1056:17)\n    at runSuite (file:///var/www/karaweiss/current/soladiankcom/node_modules/@vitest/runner/dist/index.js:1205:15)\n    at runSuite (file:///var/www/karaweiss/current/soladiankcom/node_modules/@vitest/runner/dist/index.js:1205:15)\n    at runFiles (file:///var/www/karaweiss/current/soladiankcom/node_modules/@vitest/runner/dist/index.js:1262:5)\n    at startTests (file:///var/www/karaweiss/current/soladiankcom/node_modules/@vitest/runner/dist/index.js:1271:3)"],"location":{"line":72,"column":3},"meta":{}},{"ancestorTitles":["Solana Wallet Service"],"fullName":"Solana Wallet Service should get wallet balance","status":"failed","title":"should get wallet balance","duration":3.2719170000000304,"failureMessages":["AssertionError: expected undefined to be 5.5 // Object.is equality\n    at /var/www/karaweiss/current/soladiankcom/frontend/src/tests/solana-integration.test.ts:93:29\n    at file:///var/www/karaweiss/current/soladiankcom/node_modules/@vitest/runner/dist/index.js:533:5\n    at runTest (file:///var/www/karaweiss/current/soladiankcom/node_modules/@vitest/runner/dist/index.js:1056:11)\n    at runSuite (file:///var/www/karaweiss/current/soladiankcom/node_modules/@vitest/runner/dist/index.js:1205:15)\n    at runSuite (file:///var/www/karaweiss/current/soladiankcom/node_modules/@vitest/runner/dist/index.js:1205:15)\n    at runFiles (file:///var/www/karaweiss/current/soladiankcom/node_modules/@vitest/runner/dist/index.js:1262:5)\n    at startTests (file:///var/www/karaweiss/current/soladiankcom/node_modules/@vitest/runner/dist/index.js:1271:3)\n    at file:///var/www/karaweiss/current/soladiankcom/node_modules/vitest/dist/chunks/runBaseTests.3qpJUEJM.js:126:11\n    at withEnv (file:///var/www/karaweiss/current/soladiankcom/node_modules/vitest/dist/chunks/runBaseTests.3qpJUEJM.js:90:5)\n    at run (file:///var/www/karaweiss/current/soladiankcom/node_modules/vitest/dist/chunks/runBaseTests.3qpJUEJM.js:112:3)","AssertionError: expected undefined to be 5.5 // Object.is equality\n    at /var/www/karaweiss/current/soladiankcom/frontend/src/tests/solana-integration.test.ts:93:29\n    at file:///var/www/karaweiss/current/soladiankcom/node_modules/@vitest/runner/dist/index.js:533:5\n    at runTest (file:///var/www/karaweiss/current/soladiankcom/node_modules/@vitest/runner/dist/index.js:1056:11)\n    at runSuite (file:///var/www/karaweiss/current/soladiankcom/node_modules/@vitest/runner/dist/index.js:1205:15)\n    at runSuite (file:///var/www/karaweiss/current/soladiankcom/node_modules/@vitest/runner/dist/index.js:1205:15)\n    at runFiles (file:///var/www/karaweiss/current/soladiankcom/node_modules/@vitest/runner/dist/index.js:1262:5)\n    at startTests (file:///var/www/karaweiss/current/soladiankcom/node_modules/@vitest/runner/dist/index.js:1271:3)\n    at file:///var/www/karaweiss/current/soladiankcom/node_modules/vitest/dist/chunks/runBaseTests.3qpJUEJM.js:126:11\n    at withEnv (file:///var/www/karaweiss/current/soladiankcom/node_modules/vitest/dist/chunks/runBaseTests.3qpJUEJM.js:90:5)\n    at run (file:///var/www/karaweiss/current/soladiankcom/node_modules/vitest/dist/chunks/runBaseTests.3qpJUEJM.js:112:3)","AssertionError: expected undefined to be 5.5 // Object.is equality\n    at /var/www/karaweiss/current/soladiankcom/frontend/src/tests/solana-integration.test.ts:93:29\n    at file:///var/www/karaweiss/current/soladiankcom/node_modules/@vitest/runner/dist/index.js:533:5\n    at runTest (file:///var/www/karaweiss/current/soladiankcom/node_modules/@vitest/runner/dist/index.js:1056:11)\n    at runSuite (file:///var/www/karaweiss/current/soladiankcom/node_modules/@vitest/runner/dist/index.js:1205:15)\n    at runSuite (file:///var/www/karaweiss/current/soladiankcom/node_modules/@vitest/runner/dist/index.js:1205:15)\n    at runFiles (file:///var/www/karaweiss/current/soladiankcom/node_modules/@vitest/runner/dist/index.js:1262:5)\n    at startTests (file:///var/www/karaweiss/current/soladiankcom/node_modules/@vitest/runner/dist/index.js:1271:3)\n    at file:///var/www/karaweiss/current/soladiankcom/node_modules/vitest/dist/chunks/runBaseTests.3qpJUEJM.js:126:11\n    at withEnv (file:///var/www/karaweiss/current/soladiankcom/node_modules/vitest/dist/chunks/runBaseTests.3qpJUEJM.js:90:5)\n    at run (file:///var/www/karaweiss/current/soladiankcom/node_modules/vitest/dist/chunks/runBaseTests.3qpJUEJM.js:112:3)"],"location":{"line":81,"column":3},"meta":{}},{"ancestorTitles":["Solana Wallet Service"],"fullName":"Solana Wallet Service should handle balance errors","status":"failed","title":"should handle balance errors","duration":1.3779550000001564,"failureMessages":["AssertionError: expected undefined to be +0 // Object.is equality\n    at /var/www/karaweiss/current/soladiankcom/frontend/src/tests/solana-integration.test.ts:100:29\n    at file:///var/www/karaweiss/current/soladiankcom/node_modules/@vitest/runner/dist/index.js:533:5\n    at runTest (file:///var/www/karaweiss/current/soladiankcom/node_modules/@vitest/runner/dist/index.js:1056:11)\n    at runSuite (file:///var/www/karaweiss/current/soladiankcom/node_modules/@vitest/runner/dist/index.js:1205:15)\n    at runSuite (file:///var/www/karaweiss/current/soladiankcom/node_modules/@vitest/runner/dist/index.js:1205:15)\n    at runFiles (file:///var/www/karaweiss/current/soladiankcom/node_modules/@vitest/runner/dist/index.js:1262:5)\n    at startTests (file:///var/www/karaweiss/current/soladiankcom/node_modules/@vitest/runner/dist/index.js:1271:3)\n    at file:///var/www/karaweiss/current/soladiankcom/node_modules/vitest/dist/chunks/runBaseTests.3qpJUEJM.js:126:11\n    at withEnv (file:///var/www/karaweiss/current/soladiankcom/node_modules/vitest/dist/chunks/runBaseTests.3qpJUEJM.js:90:5)\n    at run (file:///var/www/karaweiss/current/soladiankcom/node_modules/vitest/dist/chunks/runBaseTests.3qpJUEJM.js:112:3)","AssertionError: expected undefined to be +0 // Object.is equality\n    at /var/www/karaweiss/current/soladiankcom/frontend/src/tests/solana-integration.test.ts:100:29\n    at file:///var/www/karaweiss/current/soladiankcom/node_modules/@vitest/runner/dist/index.js:533:5\n    at runTest (file:///var/www/karaweiss/current/soladiankcom/node_modules/@vitest/runner/dist/index.js:1056:11)\n    at runSuite (file:///var/www/karaweiss/current/soladiankcom/node_modules/@vitest/runner/dist/index.js:1205:15)\n    at runSuite (file:///var/www/karaweiss/current/soladiankcom/node_modules/@vitest/runner/dist/index.js:1205:15)\n    at runFiles (file:///var/www/karaweiss/current/soladiankcom/node_modules/@vitest/runner/dist/index.js:1262:5)\n    at startTests (file:///var/www/karaweiss/current/soladiankcom/node_modules/@vitest/runner/dist/index.js:1271:3)\n    at file:///var/www/karaweiss/current/soladiankcom/node_modules/vitest/dist/chunks/runBaseTests.3qpJUEJM.js:126:11\n    at withEnv (file:///var/www/karaweiss/current/soladiankcom/node_modules/vitest/dist/chunks/runBaseTests.3qpJUEJM.js:90:5)\n    at run (file:///var/www/karaweiss/current/soladiankcom/node_modules/vitest/dist/chunks/runBaseTests.3qpJUEJM.js:112:3)","AssertionError: expected undefined to be +0 // Object.is equality\n    at /var/www/karaweiss/current/soladiankcom/frontend/src/tests/solana-integration.test.ts:100:29\n    at file:///var/www/karaweiss/current/soladiankcom/node_modules/@vitest/runner/dist/index.js:533:5\n    at runTest (file:///var/www/karaweiss/current/soladiankcom/node_modules/@vitest/runner/dist/index.js:1056:11)\n    at runSuite (file:///var/www/karaweiss/current/soladiankcom/node_modules/@vitest/runner/dist/index.js:1205:15)\n    at runSuite (file:///var/www/karaweiss/current/soladiankcom/node_modules/@vitest/runner/dist/index.js:1205:15)\n    at runFiles (file:///var/www/karaweiss/current/soladiankcom/node_modules/@vitest/runner/dist/index.js:1262:5)\n    at startTests (file:///var/www/karaweiss/current/soladiankcom/node_modules/@vitest/runner/dist/index.js:1271:3)\n    at file:///var/www/karaweiss/current/soladiankcom/node_modules/vitest/dist/chunks/runBaseTests.3qpJUEJM.js:126:11\n    at withEnv (file:///var/www/karaweiss/current/soladiankcom/node_modules/vitest/dist/chunks/runBaseTests.3qpJUEJM.js:90:5)\n    at run (file:///var/www/karaweiss/current/soladiankcom/node_modules/vitest/dist/chunks/runBaseTests.3qpJUEJM.js:112:3)"],"location":{"line":96,"column":3},"meta":{}},{"ancestorTitles":["Solana Transaction Service"],"fullName":"Solana Transaction Service should create transaction","status":"failed","title":"should create transaction","duration":1.6593219999999747,"failureMessages":["AssertionError: expected undefined to be true // Object.is equality\n    at /var/www/karaweiss/current/soladiankcom/frontend/src/tests/solana-integration.test.ts:125:28\n    at file:///var/www/karaweiss/current/soladiankcom/node_modules/@vitest/runner/dist/index.js:533:5\n    at runTest (file:///var/www/karaweiss/current/soladiankcom/node_modules/@vitest/runner/dist/index.js:1056:11)\n    at runSuite (file:///var/www/karaweiss/current/soladiankcom/node_modules/@vitest/runner/dist/index.js:1205:15)\n    at runSuite (file:///var/www/karaweiss/current/soladiankcom/node_modules/@vitest/runner/dist/index.js:1205:15)\n    at runFiles (file:///var/www/karaweiss/current/soladiankcom/node_modules/@vitest/runner/dist/index.js:1262:5)\n    at startTests (file:///var/www/karaweiss/current/soladiankcom/node_modules/@vitest/runner/dist/index.js:1271:3)\n    at file:///var/www/karaweiss/current/soladiankcom/node_modules/vitest/dist/chunks/runBaseTests.3qpJUEJM.js:126:11\n    at withEnv (file:///var/www/karaweiss/current/soladiankcom/node_modules/vitest/dist/chunks/runBaseTests.3qpJUEJM.js:90:5)\n    at run (file:///var/www/karaweiss/current/soladiankcom/node_modules/vitest/dist/chunks/runBaseTests.3qpJUEJM.js:112:3)","AssertionError: expected undefined to be true // Object.is equality\n    at /var/www/karaweiss/current/soladiankcom/frontend/src/tests/solana-integration.test.ts:125:28\n    at file:///var/www/karaweiss/current/soladiankcom/node_modules/@vitest/runner/dist/index.js:533:5\n    at runTest (file:///var/www/karaweiss/current/soladiankcom/node_modules/@vitest/runner/dist/index.js:1056:11)\n    at runSuite (file:///var/www/karaweiss/current/soladiankcom/node_modules/@vitest/runner/dist/index.js:1205:15)\n    at runSuite (file:///var/www/karaweiss/current/soladiankcom/node_modules/@vitest/runner/dist/index.js:1205:15)\n    at runFiles (file:///var/www/karaweiss/current/soladiankcom/node_modules/@vitest/runner/dist/index.js:1262:5)\n    at startTests (file:///var/www/karaweiss/current/soladiankcom/node_modules/@vitest/runner/dist/index.js:1271:3)\n    at file:///var/www/karaweiss/current/soladiankcom/node_modules/vitest/dist/chunks/runBaseTests.3qpJUEJM.js:126:11\n    at withEnv (file:///var/www/karaweiss/current/soladiankcom/node_modules/vitest/dist/chunks/runBaseTests.3qpJUEJM.js:90:5)\n    at run (file:///var/www/karaweiss/current/soladiankcom/node_modules/vitest/dist/chunks/runBaseTests.3qpJUEJM.js:112:3)","AssertionError: expected undefined to be true // Object.is equality\n    at /var/www/karaweiss/current/soladiankcom/frontend/src/tests/solana-integration.test.ts:125:28\n    at file:///var/www/karaweiss/current/soladiankcom/node_modules/@vitest/runner/dist/index.js:533:5\n    at runTest (file:///var/www/karaweiss/current/soladiankcom/node_modules/@vitest/runner/dist/index.js:1056:11)\n    at runSuite (file:///var/www/karaweiss/current/soladiankcom/node_modules/@vitest/runner/dist/index.js:1205:15)\n    at runSuite (file:///var/www/karaweiss/current/soladiankcom/node_modules/@vitest/runner/dist/index.js:1205:15)\n    at runFiles (file:///var/www/karaweiss/current/soladiankcom/node_modules/@vitest/runner/dist/index.js:1262:5)\n    at startTests (file:///var/www/karaweiss/current/soladiankcom/node_modules/@vitest/runner/dist/index.js:1271:3)\n    at file:///var/www/karaweiss/current/soladiankcom/node_modules/vitest/dist/chunks/runBaseTests.3qpJUEJM.js:126:11\n    at withEnv (file:///var/www/karaweiss/current/soladiankcom/node_modules/vitest/dist/chunks/runBaseTests.3qpJUEJM.js:90:5)\n    at run (file:///var/www/karaweiss/current/soladiankcom/node_modules/vitest/dist/chunks/runBaseTests.3qpJUEJM.js:112:3)"],"location":{"line":110,"column":3},"meta":{}},{"ancestorTitles":["Solana Transaction Service"],"fullName":"Solana Transaction Service should get transaction status","status":"failed","title":"should get transaction status","duration":1.3065110000000004,"failureMessages":["AssertionError: expected undefined to be 'confirmed' // Object.is equality\n    at /var/www/karaweiss/current/soladiankcom/frontend/src/tests/solana-integration.test.ts:140:27\n    at file:///var/www/karaweiss/current/soladiankcom/node_modules/@vitest/runner/dist/index.js:533:5\n    at runTest (file:///var/www/karaweiss/current/soladiankcom/node_modules/@vitest/runner/dist/index.js:1056:11)\n    at runSuite (file:///var/www/karaweiss/current/soladiankcom/node_modules/@vitest/runner/dist/index.js:1205:15)\n    at runSuite (file:///var/www/karaweiss/current/soladiankcom/node_modules/@vitest/runner/dist/index.js:1205:15)\n    at runFiles (file:///var/www/karaweiss/current/soladiankcom/node_modules/@vitest/runner/dist/index.js:1262:5)\n    at startTests (file:///var/www/karaweiss/current/soladiankcom/node_modules/@vitest/runner/dist/index.js:1271:3)\n    at file:///var/www/karaweiss/current/soladiankcom/node_modules/vitest/dist/chunks/runBaseTests.3qpJUEJM.js:126:11\n    at withEnv (file:///var/www/karaweiss/current/soladiankcom/node_modules/vitest/dist/chunks/runBaseTests.3qpJUEJM.js:90:5)\n    at run (file:///var/www/karaweiss/current/soladiankcom/node_modules/vitest/dist/chunks/runBaseTests.3qpJUEJM.js:112:3)","AssertionError: expected undefined to be 'confirmed' // Object.is equality\n    at /var/www/karaweiss/current/soladiankcom/frontend/src/tests/solana-integration.test.ts:140:27\n    at file:///var/www/karaweiss/current/soladiankcom/node_modules/@vitest/runner/dist/index.js:533:5\n    at runTest (file:///var/www/karaweiss/current/soladiankcom/node_modules/@vitest/runner/dist/index.js:1056:11)\n    at runSuite (file:///var/www/karaweiss/current/soladiankcom/node_modules/@vitest/runner/dist/index.js:1205:15)\n    at runSuite (file:///var/www/karaweiss/current/soladiankcom/node_modules/@vitest/runner/dist/index.js:1205:15)\n    at runFiles (file:///var/www/karaweiss/current/soladiankcom/node_modules/@vitest/runner/dist/index.js:1262:5)\n    at startTests (file:///var/www/karaweiss/current/soladiankcom/node_modules/@vitest/runner/dist/index.js:1271:3)\n    at file:///var/www/karaweiss/current/soladiankcom/node_modules/vitest/dist/chunks/runBaseTests.3qpJUEJM.js:126:11\n    at withEnv (file:///var/www/karaweiss/current/soladiankcom/node_modules/vitest/dist/chunks/runBaseTests.3qpJUEJM.js:90:5)\n    at run (file:///var/www/karaweiss/current/soladiankcom/node_modules/vitest/dist/chunks/runBaseTests.3qpJUEJM.js:112:3)","AssertionError: expected undefined to be 'confirmed' // Object.is equality\n    at /var/www/karaweiss/current/soladiankcom/frontend/src/tests/solana-integration.test.ts:140:27\n    at file:///var/www/karaweiss/current/soladiankcom/node_modules/@vitest/runner/dist/index.js:533:5\n    at runTest (file:///var/www/karaweiss/current/soladiankcom/node_modules/@vitest/runner/dist/index.js:1056:11)\n    at runSuite (file:///var/www/karaweiss/current/soladiankcom/node_modules/@vitest/runner/dist/index.js:1205:15)\n    at runSuite (file:///var/www/karaweiss/current/soladiankcom/node_modules/@vitest/runner/dist/index.js:1205:15)\n    at runFiles (file:///var/www/karaweiss/current/soladiankcom/node_modules/@vitest/runner/dist/index.js:1262:5)\n    at startTests (file:///var/www/karaweiss/current/soladiankcom/node_modules/@vitest/runner/dist/index.js:1271:3)\n    at file:///var/www/karaweiss/current/soladiankcom/node_modules/vitest/dist/chunks/runBaseTests.3qpJUEJM.js:126:11\n    at withEnv (file:///var/www/karaweiss/current/soladiankcom/node_modules/vitest/dist/chunks/runBaseTests.3qpJUEJM.js:90:5)\n    at run (file:///var/www/karaweiss/current/soladiankcom/node_modules/vitest/dist/chunks/runBaseTests.3qpJUEJM.js:112:3)"],"location":{"line":129,"column":3},"meta":{}},{"ancestorTitles":["Solana Transaction Service"],"fullName":"Solana Transaction Service should get transaction history","status":"failed","title":"should get transaction history","duration":5.96230300000002,"failureMessages":["AssertionError: expected [ { …(6) }, { …(6) }, { …(6) }, …(17) ] to have a length of 1 but got 20\n    at Proxy.<anonymous> (file:///var/www/karaweiss/current/soladiankcom/node_modules/@vitest/expect/dist/index.js:1339:22)\n    at Proxy.<anonymous> (file:///var/www/karaweiss/current/soladiankcom/node_modules/@vitest/expect/dist/index.js:972:17)\n    at Proxy.methodWrapper (file:///var/www/karaweiss/current/soladiankcom/node_modules/chai/index.js:1686:25)\n    at /var/www/karaweiss/current/soladiankcom/frontend/src/tests/solana-integration.test.ts:160:34\n    at file:///var/www/karaweiss/current/soladiankcom/node_modules/@vitest/runner/dist/index.js:533:5\n    at runTest (file:///var/www/karaweiss/current/soladiankcom/node_modules/@vitest/runner/dist/index.js:1056:11)\n    at runSuite (file:///var/www/karaweiss/current/soladiankcom/node_modules/@vitest/runner/dist/index.js:1205:15)\n    at runSuite (file:///var/www/karaweiss/current/soladiankcom/node_modules/@vitest/runner/dist/index.js:1205:15)\n    at runFiles (file:///var/www/karaweiss/current/soladiankcom/node_modules/@vitest/runner/dist/index.js:1262:5)\n    at startTests (file:///var/www/karaweiss/current/soladiankcom/node_modules/@vitest/runner/dist/index.js:1271:3)","AssertionError: expected [ { …(6) }, { …(6) }, { …(6) }, …(17) ] to have a length of 1 but got 20\n    at Proxy.<anonymous> (file:///var/www/karaweiss/current/soladiankcom/node_modules/@vitest/expect/dist/index.js:1339:22)\n    at Proxy.<anonymous> (file:///var/www/karaweiss/current/soladiankcom/node_modules/@vitest/expect/dist/index.js:972:17)\n    at Proxy.methodWrapper (file:///var/www/karaweiss/current/soladiankcom/node_modules/chai/index.js:1686:25)\n    at /var/www/karaweiss/current/soladiankcom/frontend/src/tests/solana-integration.test.ts:160:34\n    at file:///var/www/karaweiss/current/soladiankcom/node_modules/@vitest/runner/dist/index.js:533:5\n    at runTest (file:///var/www/karaweiss/current/soladiankcom/node_modules/@vitest/runner/dist/index.js:1056:11)\n    at runSuite (file:///var/www/karaweiss/current/soladiankcom/node_modules/@vitest/runner/dist/index.js:1205:15)\n    at runSuite (file:///var/www/karaweiss/current/soladiankcom/node_modules/@vitest/runner/dist/index.js:1205:15)\n    at runFiles (file:///var/www/karaweiss/current/soladiankcom/node_modules/@vitest/runner/dist/index.js:1262:5)\n    at startTests (file:///var/www/karaweiss/current/soladiankcom/node_modules/@vitest/runner/dist/index.js:1271:3)","AssertionError: expected [ { …(6) }, { …(6) }, { …(6) }, …(17) ] to have a length of 1 but got 20\n    at Proxy.<anonymous> (file:///var/www/karaweiss/current/soladiankcom/node_modules/@vitest/expect/dist/index.js:1339:22)\n    at Proxy.<anonymous> (file:///var/www/karaweiss/current/soladiankcom/node_modules/@vitest/expect/dist/index.js:972:17)\n    at Proxy.methodWrapper (file:///var/www/karaweiss/current/soladiankcom/node_modules/chai/index.js:1686:25)\n    at /var/www/karaweiss/current/soladiankcom/frontend/src/tests/solana-integration.test.ts:160:34\n    at file:///var/www/karaweiss/current/soladiankcom/node_modules/@vitest/runner/dist/index.js:533:5\n    at runTest (file:///var/www/karaweiss/current/soladiankcom/node_modules/@vitest/runner/dist/index.js:1056:11)\n    at runSuite (file:///var/www/karaweiss/current/soladiankcom/node_modules/@vitest/runner/dist/index.js:1205:15)\n    at runSuite (file:///var/www/karaweiss/current/soladiankcom/node_modules/@vitest/runner/dist/index.js:1205:15)\n    at runFiles (file:///var/www/karaweiss/current/soladiankcom/node_modules/@vitest/runner/dist/index.js:1262:5)\n    at startTests (file:///var/www/karaweiss/current/soladiankcom/node_modules/@vitest/runner/dist/index.js:1271:3)"],"location":{"line":144,"column":3},"meta":{}},{"ancestorTitles":["Solana Token Service"],"fullName":"Solana Token Service should get token balance","status":"failed","title":"should get token balance","duration":1.3822719999998299,"failureMessages":["AssertionError: expected undefined to be 1000 // Object.is equality\n    at /var/www/karaweiss/current/soladiankcom/frontend/src/tests/solana-integration.test.ts:181:29\n    at file:///var/www/karaweiss/current/soladiankcom/node_modules/@vitest/runner/dist/index.js:533:5\n    at runTest (file:///var/www/karaweiss/current/soladiankcom/node_modules/@vitest/runner/dist/index.js:1056:11)\n    at runSuite (file:///var/www/karaweiss/current/soladiankcom/node_modules/@vitest/runner/dist/index.js:1205:15)\n    at runSuite (file:///var/www/karaweiss/current/soladiankcom/node_modules/@vitest/runner/dist/index.js:1205:15)\n    at runFiles (file:///var/www/karaweiss/current/soladiankcom/node_modules/@vitest/runner/dist/index.js:1262:5)\n    at startTests (file:///var/www/karaweiss/current/soladiankcom/node_modules/@vitest/runner/dist/index.js:1271:3)\n    at file:///var/www/karaweiss/current/soladiankcom/node_modules/vitest/dist/chunks/runBaseTests.3qpJUEJM.js:126:11\n    at withEnv (file:///var/www/karaweiss/current/soladiankcom/node_modules/vitest/dist/chunks/runBaseTests.3qpJUEJM.js:90:5)\n    at run (file:///var/www/karaweiss/current/soladiankcom/node_modules/vitest/dist/chunks/runBaseTests.3qpJUEJM.js:112:3)","AssertionError: expected undefined to be 1000 // Object.is equality\n    at /var/www/karaweiss/current/soladiankcom/frontend/src/tests/solana-integration.test.ts:181:29\n    at file:///var/www/karaweiss/current/soladiankcom/node_modules/@vitest/runner/dist/index.js:533:5\n    at runTest (file:///var/www/karaweiss/current/soladiankcom/node_modules/@vitest/runner/dist/index.js:1056:11)\n    at runSuite (file:///var/www/karaweiss/current/soladiankcom/node_modules/@vitest/runner/dist/index.js:1205:15)\n    at runSuite (file:///var/www/karaweiss/current/soladiankcom/node_modules/@vitest/runner/dist/index.js:1205:15)\n    at runFiles (file:///var/www/karaweiss/current/soladiankcom/node_modules/@vitest/runner/dist/index.js:1262:5)\n    at startTests (file:///var/www/karaweiss/current/soladiankcom/node_modules/@vitest/runner/dist/index.js:1271:3)\n    at file:///var/www/karaweiss/current/soladiankcom/node_modules/vitest/dist/chunks/runBaseTests.3qpJUEJM.js:126:11\n    at withEnv (file:///var/www/karaweiss/current/soladiankcom/node_modules/vitest/dist/chunks/runBaseTests.3qpJUEJM.js:90:5)\n    at run (file:///var/www/karaweiss/current/soladiankcom/node_modules/vitest/dist/chunks/runBaseTests.3qpJUEJM.js:112:3)","AssertionError: expected undefined to be 1000 // Object.is equality\n    at /var/www/karaweiss/current/soladiankcom/frontend/src/tests/solana-integration.test.ts:181:29\n    at file:///var/www/karaweiss/current/soladiankcom/node_modules/@vitest/runner/dist/index.js:533:5\n    at runTest (file:///var/www/karaweiss/current/soladiankcom/node_modules/@vitest/runner/dist/index.js:1056:11)\n    at runSuite (file:///var/www/karaweiss/current/soladiankcom/node_modules/@vitest/runner/dist/index.js:1205:15)\n    at runSuite (file:///var/www/karaweiss/current/soladiankcom/node_modules/@vitest/runner/dist/index.js:1205:15)\n    at runFiles (file:///var/www/karaweiss/current/soladiankcom/node_modules/@vitest/runner/dist/index.js:1262:5)\n    at startTests (file:///var/www/karaweiss/current/soladiankcom/node_modules/@vitest/runner/dist/index.js:1271:3)\n    at file:///var/www/karaweiss/current/soladiankcom/node_modules/vitest/dist/chunks/runBaseTests.3qpJUEJM.js:126:11\n    at withEnv (file:///var/www/karaweiss/current/soladiankcom/node_modules/vitest/dist/chunks/runBaseTests.3qpJUEJM.js:90:5)\n    at run (file:///var/www/karaweiss/current/soladiankcom/node_modules/vitest/dist/chunks/runBaseTests.3qpJUEJM.js:112:3)"],"location":{"line":170,"column":3},"meta":{}},{"ancestorTitles":["Solana Token Service"],"fullName":"Solana Token Service should get supported tokens","status":"failed","title":"should get supported tokens","duration":0.940653999999995,"failureMessages":["TypeError: __vite_ssr_import_3__.solanaTokenService.getSupportedTokens is not a function\n    at /var/www/karaweiss/current/soladiankcom/frontend/src/tests/solana-integration.test.ts:194:45\n    at file:///var/www/karaweiss/current/soladiankcom/node_modules/@vitest/runner/dist/index.js:146:14\n    at file:///var/www/karaweiss/current/soladiankcom/node_modules/@vitest/runner/dist/index.js:533:11\n    at runWithTimeout (file:///var/www/karaweiss/current/soladiankcom/node_modules/@vitest/runner/dist/index.js:39:7)\n    at runTest (file:///var/www/karaweiss/current/soladiankcom/node_modules/@vitest/runner/dist/index.js:1056:17)\n    at runSuite (file:///var/www/karaweiss/current/soladiankcom/node_modules/@vitest/runner/dist/index.js:1205:15)\n    at runSuite (file:///var/www/karaweiss/current/soladiankcom/node_modules/@vitest/runner/dist/index.js:1205:15)\n    at runFiles (file:///var/www/karaweiss/current/soladiankcom/node_modules/@vitest/runner/dist/index.js:1262:5)\n    at startTests (file:///var/www/karaweiss/current/soladiankcom/node_modules/@vitest/runner/dist/index.js:1271:3)\n    at file:///var/www/karaweiss/current/soladiankcom/node_modules/vitest/dist/chunks/runBaseTests.3qpJUEJM.js:126:11","TypeError: __vite_ssr_import_3__.solanaTokenService.getSupportedTokens is not a function\n    at /var/www/karaweiss/current/soladiankcom/frontend/src/tests/solana-integration.test.ts:194:45\n    at file:///var/www/karaweiss/current/soladiankcom/node_modules/@vitest/runner/dist/index.js:146:14\n    at file:///var/www/karaweiss/current/soladiankcom/node_modules/@vitest/runner/dist/index.js:533:11\n    at runWithTimeout (file:///var/www/karaweiss/current/soladiankcom/node_modules/@vitest/runner/dist/index.js:39:7)\n    at runTest (file:///var/www/karaweiss/current/soladiankcom/node_modules/@vitest/runner/dist/index.js:1056:17)\n    at runSuite (file:///var/www/karaweiss/current/soladiankcom/node_modules/@vitest/runner/dist/index.js:1205:15)\n    at runSuite (file:///var/www/karaweiss/current/soladiankcom/node_modules/@vitest/runner/dist/index.js:1205:15)\n    at runFiles (file:///var/www/karaweiss/current/soladiankcom/node_modules/@vitest/runner/dist/index.js:1262:5)\n    at startTests (file:///var/www/karaweiss/current/soladiankcom/node_modules/@vitest/runner/dist/index.js:1271:3)\n    at file:///var/www/karaweiss/current/soladiankcom/node_modules/vitest/dist/chunks/runBaseTests.3qpJUEJM.js:126:11","TypeError: __vite_ssr_import_3__.solanaTokenService.getSupportedTokens is not a function\n    at /var/www/karaweiss/current/soladiankcom/frontend/src/tests/solana-integration.test.ts:194:45\n    at file:///var/www/karaweiss/current/soladiankcom/node_modules/@vitest/runner/dist/index.js:146:14\n    at file:///var/www/karaweiss/current/soladiankcom/node_modules/@vitest/runner/dist/index.js:533:11\n    at runWithTimeout (file:///var/www/karaweiss/current/soladiankcom/node_modules/@vitest/runner/dist/index.js:39:7)\n    at runTest (file:///var/www/karaweiss/current/soladiankcom/node_modules/@vitest/runner/dist/index.js:1056:17)\n    at runSuite (file:///var/www/karaweiss/current/soladiankcom/node_modules/@vitest/runner/dist/index.js:1205:15)\n    at runSuite (file:///var/www/karaweiss/current/soladiankcom/node_modules/@vitest/runner/dist/index.js:1205:15)\n    at runFiles (file:///var/www/karaweiss/current/soladiankcom/node_modules/@vitest/runner/dist/index.js:1262:5)\n    at startTests (file:///var/www/karaweiss/current/soladiankcom/node_modules/@vitest/runner/dist/index.js:1271:3)\n    at file:///var/www/karaweiss/current/soladiankcom/node_modules/vitest/dist/chunks/runBaseTests.3qpJUEJM.js:126:11"],"location":{"line":185,"column":3},"meta":{}},{"ancestorTitles":["Solana Token Service"],"fullName":"Solana Token Service should transfer tokens","status":"failed","title":"should transfer tokens","duration":6011.057608,"failureMessages":["AssertionError: expected undefined to be true // Object.is equality\n    at /var/www/karaweiss/current/soladiankcom/frontend/src/tests/solana-integration.test.ts:214:28\n    at file:///var/www/karaweiss/current/soladiankcom/node_modules/@vitest/runner/dist/index.js:533:5\n    at runTest (file:///var/www/karaweiss/current/soladiankcom/node_modules/@vitest/runner/dist/index.js:1056:11)\n    at runSuite (file:///var/www/karaweiss/current/soladiankcom/node_modules/@vitest/runner/dist/index.js:1205:15)\n    at runSuite (file:///var/www/karaweiss/current/soladiankcom/node_modules/@vitest/runner/dist/index.js:1205:15)\n    at runFiles (file:///var/www/karaweiss/current/soladiankcom/node_modules/@vitest/runner/dist/index.js:1262:5)\n    at startTests (file:///var/www/karaweiss/current/soladiankcom/node_modules/@vitest/runner/dist/index.js:1271:3)\n    at file:///var/www/karaweiss/current/soladiankcom/node_modules/vitest/dist/chunks/runBaseTests.3qpJUEJM.js:126:11\n    at withEnv (file:///var/www/karaweiss/current/soladiankcom/node_modules/vitest/dist/chunks/runBaseTests.3qpJUEJM.js:90:5)\n    at run (file:///var/www/karaweiss/current/soladiankcom/node_modules/vitest/dist/chunks/runBaseTests.3qpJUEJM.js:112:3)","AssertionError: expected undefined to be true // Object.is equality\n    at /var/www/karaweiss/current/soladiankcom/frontend/src/tests/solana-integration.test.ts:214:28\n    at file:///var/www/karaweiss/current/soladiankcom/node_modules/@vitest/runner/dist/index.js:533:5\n    at runTest (file:///var/www/karaweiss/current/soladiankcom/node_modules/@vitest/runner/dist/index.js:1056:11)\n    at runSuite (file:///var/www/karaweiss/current/soladiankcom/node_modules/@vitest/runner/dist/index.js:1205:15)\n    at runSuite (file:///var/www/karaweiss/current/soladiankcom/node_modules/@vitest/runner/dist/index.js:1205:15)\n    at runFiles (file:///var/www/karaweiss/current/soladiankcom/node_modules/@vitest/runner/dist/index.js:1262:5)\n    at startTests (file:///var/www/karaweiss/current/soladiankcom/node_modules/@vitest/runner/dist/index.js:1271:3)\n    at file:///var/www/karaweiss/current/soladiankcom/node_modules/vitest/dist/chunks/runBaseTests.3qpJUEJM.js:126:11\n    at withEnv (file:///var/www/karaweiss/current/soladiankcom/node_modules/vitest/dist/chunks/runBaseTests.3qpJUEJM.js:90:5)\n    at run (file:///var/www/karaweiss/current/soladiankcom/node_modules/vitest/dist/chunks/runBaseTests.3qpJUEJM.js:112:3)","AssertionError: expected undefined to be true // Object.is equality\n    at /var/www/karaweiss/current/soladiankcom/frontend/src/tests/solana-integration.test.ts:214:28\n    at file:///var/www/karaweiss/current/soladiankcom/node_modules/@vitest/runner/dist/index.js:533:5\n    at runTest (file:///var/www/karaweiss/current/soladiankcom/node_modules/@vitest/runner/dist/index.js:1056:11)\n    at runSuite (file:///var/www/karaweiss/current/soladiankcom/node_modules/@vitest/runner/dist/index.js:1205:15)\n    at runSuite (file:///var/www/karaweiss/current/soladiankcom/node_modules/@vitest/runner/dist/index.js:1205:15)\n    at runFiles (file:///var/www/karaweiss/current/soladiankcom/node_modules/@vitest/runner/dist/index.js:1262:5)\n    at startTests (file:///var/www/karaweiss/current/soladiankcom/node_modules/@vitest/runner/dist/index.js:1271:3)\n    at file:///var/www/karaweiss/current/soladiankcom/node_modules/vitest/dist/chunks/runBaseTests.3qpJUEJM.js:126:11\n    at withEnv (file:///var/www/karaweiss/current/soladiankcom/node_modules/vitest/dist/chunks/runBaseTests.3qpJUEJM.js:90:5)\n    at run (file:///var/www/karaweiss/current/soladiankcom/node_modules/vitest/dist/chunks/runBaseTests.3qpJUEJM.js:112:3)"],"location":{"line":199,"column":3},"meta":{}},{"ancestorTitles":["Solana Escrow Service"],"fullName":"Solana Escrow Service should create escrow","status":"failed","title":"should create escrow","duration":2.035848000000442,"failureMessages":["AssertionError: expected undefined to be true // Object.is equality\n    at /var/www/karaweiss/current/soladiankcom/frontend/src/tests/solana-integration.test.ts:241:28\n    at file:///var/www/karaweiss/current/soladiankcom/node_modules/@vitest/runner/dist/index.js:533:5\n    at runTest (file:///var/www/karaweiss/current/soladiankcom/node_modules/@vitest/runner/dist/index.js:1056:11)\n    at runSuite (file:///var/www/karaweiss/current/soladiankcom/node_modules/@vitest/runner/dist/index.js:1205:15)\n    at runSuite (file:///var/www/karaweiss/current/soladiankcom/node_modules/@vitest/runner/dist/index.js:1205:15)\n    at runFiles (file:///var/www/karaweiss/current/soladiankcom/node_modules/@vitest/runner/dist/index.js:1262:5)\n    at startTests (file:///var/www/karaweiss/current/soladiankcom/node_modules/@vitest/runner/dist/index.js:1271:3)\n    at file:///var/www/karaweiss/current/soladiankcom/node_modules/vitest/dist/chunks/runBaseTests.3qpJUEJM.js:126:11\n    at withEnv (file:///var/www/karaweiss/current/soladiankcom/node_modules/vitest/dist/chunks/runBaseTests.3qpJUEJM.js:90:5)\n    at run (file:///var/www/karaweiss/current/soladiankcom/node_modules/vitest/dist/chunks/runBaseTests.3qpJUEJM.js:112:3)","AssertionError: expected undefined to be true // Object.is equality\n    at /var/www/karaweiss/current/soladiankcom/frontend/src/tests/solana-integration.test.ts:241:28\n    at file:///var/www/karaweiss/current/soladiankcom/node_modules/@vitest/runner/dist/index.js:533:5\n    at runTest (file:///var/www/karaweiss/current/soladiankcom/node_modules/@vitest/runner/dist/index.js:1056:11)\n    at runSuite (file:///var/www/karaweiss/current/soladiankcom/node_modules/@vitest/runner/dist/index.js:1205:15)\n    at runSuite (file:///var/www/karaweiss/current/soladiankcom/node_modules/@vitest/runner/dist/index.js:1205:15)\n    at runFiles (file:///var/www/karaweiss/current/soladiankcom/node_modules/@vitest/runner/dist/index.js:1262:5)\n    at startTests (file:///var/www/karaweiss/current/soladiankcom/node_modules/@vitest/runner/dist/index.js:1271:3)\n    at file:///var/www/karaweiss/current/soladiankcom/node_modules/vitest/dist/chunks/runBaseTests.3qpJUEJM.js:126:11\n    at withEnv (file:///var/www/karaweiss/current/soladiankcom/node_modules/vitest/dist/chunks/runBaseTests.3qpJUEJM.js:90:5)\n    at run (file:///var/www/karaweiss/current/soladiankcom/node_modules/vitest/dist/chunks/runBaseTests.3qpJUEJM.js:112:3)","AssertionError: expected undefined to be true // Object.is equality\n    at /var/www/karaweiss/current/soladiankcom/frontend/src/tests/solana-integration.test.ts:241:28\n    at file:///var/www/karaweiss/current/soladiankcom/node_modules/@vitest/runner/dist/index.js:533:5\n    at runTest (file:///var/www/karaweiss/current/soladiankcom/node_modules/@vitest/runner/dist/index.js:1056:11)\n    at runSuite (file:///var/www/karaweiss/current/soladiankcom/node_modules/@vitest/runner/dist/index.js:1205:15)\n    at runSuite (file:///var/www/karaweiss/current/soladiankcom/node_modules/@vitest/runner/dist/index.js:1205:15)\n    at runFiles (file:///var/www/karaweiss/current/soladiankcom/node_modules/@vitest/runner/dist/index.js:1262:5)\n    at startTests (file:///var/www/karaweiss/current/soladiankcom/node_modules/@vitest/runner/dist/index.js:1271:3)\n    at file:///var/www/karaweiss/current/soladiankcom/node_modules/vitest/dist/chunks/runBaseTests.3qpJUEJM.js:126:11\n    at withEnv (file:///var/www/karaweiss/current/soladiankcom/node_modules/vitest/dist/chunks/runBaseTests.3qpJUEJM.js:90:5)\n    at run (file:///var/www/karaweiss/current/soladiankcom/node_modules/vitest/dist/chunks/runBaseTests.3qpJUEJM.js:112:3)"],"location":{"line":224,"column":3},"meta":{}},{"ancestorTitles":["Solana Escrow Service"],"fullName":"Solana Escrow Service should fund escrow","status":"failed","title":"should fund escrow","duration":2.1544110000004366,"failureMessages":["Error: Failed to fund escrow: Cannot read properties of undefined (reading 'connected')\n    at SolanaEscrowService.fundEscrow (/var/www/karaweiss/current/soladiankcom/frontend/src/services/solana/solana-escrow.ts:129:13)\n    at /var/www/karaweiss/current/soladiankcom/frontend/src/tests/solana-integration.test.ts:254:46\n    at file:///var/www/karaweiss/current/soladiankcom/node_modules/@vitest/runner/dist/index.js:146:14\n    at file:///var/www/karaweiss/current/soladiankcom/node_modules/@vitest/runner/dist/index.js:533:11\n    at runWithTimeout (file:///var/www/karaweiss/current/soladiankcom/node_modules/@vitest/runner/dist/index.js:39:7)\n    at runTest (file:///var/www/karaweiss/current/soladiankcom/node_modules/@vitest/runner/dist/index.js:1056:17)\n    at runSuite (file:///var/www/karaweiss/current/soladiankcom/node_modules/@vitest/runner/dist/index.js:1205:15)\n    at runSuite (file:///var/www/karaweiss/current/soladiankcom/node_modules/@vitest/runner/dist/index.js:1205:15)\n    at runFiles (file:///var/www/karaweiss/current/soladiankcom/node_modules/@vitest/runner/dist/index.js:1262:5)\n    at startTests (file:///var/www/karaweiss/current/soladiankcom/node_modules/@vitest/runner/dist/index.js:1271:3)","Error: Failed to fund escrow: Cannot read properties of undefined (reading 'connected')\n    at SolanaEscrowService.fundEscrow (/var/www/karaweiss/current/soladiankcom/frontend/src/services/solana/solana-escrow.ts:129:13)\n    at /var/www/karaweiss/current/soladiankcom/frontend/src/tests/solana-integration.test.ts:254:46\n    at file:///var/www/karaweiss/current/soladiankcom/node_modules/@vitest/runner/dist/index.js:146:14\n    at file:///var/www/karaweiss/current/soladiankcom/node_modules/@vitest/runner/dist/index.js:533:11\n    at runWithTimeout (file:///var/www/karaweiss/current/soladiankcom/node_modules/@vitest/runner/dist/index.js:39:7)\n    at runTest (file:///var/www/karaweiss/current/soladiankcom/node_modules/@vitest/runner/dist/index.js:1056:17)\n    at runSuite (file:///var/www/karaweiss/current/soladiankcom/node_modules/@vitest/runner/dist/index.js:1205:15)\n    at runSuite (file:///var/www/karaweiss/current/soladiankcom/node_modules/@vitest/runner/dist/index.js:1205:15)\n    at runFiles (file:///var/www/karaweiss/current/soladiankcom/node_modules/@vitest/runner/dist/index.js:1262:5)\n    at startTests (file:///var/www/karaweiss/current/soladiankcom/node_modules/@vitest/runner/dist/index.js:1271:3)","Error: Failed to fund escrow: Cannot read properties of undefined (reading 'connected')\n    at SolanaEscrowService.fundEscrow (/var/www/karaweiss/current/soladiankcom/frontend/src/services/solana/solana-escrow.ts:129:13)\n    at /var/www/karaweiss/current/soladiankcom/frontend/src/tests/solana-integration.test.ts:254:46\n    at file:///var/www/karaweiss/current/soladiankcom/node_modules/@vitest/runner/dist/index.js:146:14\n    at file:///var/www/karaweiss/current/soladiankcom/node_modules/@vitest/runner/dist/index.js:533:11\n    at runWithTimeout (file:///var/www/karaweiss/current/soladiankcom/node_modules/@vitest/runner/dist/index.js:39:7)\n    at runTest (file:///var/www/karaweiss/current/soladiankcom/node_modules/@vitest/runner/dist/index.js:1056:17)\n    at runSuite (file:///var/www/karaweiss/current/soladiankcom/node_modules/@vitest/runner/dist/index.js:1205:15)\n    at runSuite (file:///var/www/karaweiss/current/soladiankcom/node_modules/@vitest/runner/dist/index.js:1205:15)\n    at runFiles (file:///var/www/karaweiss/current/soladiankcom/node_modules/@vitest/runner/dist/index.js:1262:5)\n    at startTests (file:///var/www/karaweiss/current/soladiankcom/node_modules/@vitest/runner/dist/index.js:1271:3)"],"location":{"line":245,"column":3},"meta":{}},{"ancestorTitles":["Solana Escrow Service"],"fullName":"Solana Escrow Service should release escrow","status":"failed","title":"should release escrow","duration":1.280362000000423,"failureMessages":["Error: Failed to release escrow: Cannot read properties of undefined (reading 'connected')\n    at SolanaEscrowService.releaseEscrow (/var/www/karaweiss/current/soladiankcom/frontend/src/services/solana/solana-escrow.ts:171:13)\n    at /var/www/karaweiss/current/soladiankcom/frontend/src/tests/solana-integration.test.ts:268:46\n    at file:///var/www/karaweiss/current/soladiankcom/node_modules/@vitest/runner/dist/index.js:146:14\n    at file:///var/www/karaweiss/current/soladiankcom/node_modules/@vitest/runner/dist/index.js:533:11\n    at runWithTimeout (file:///var/www/karaweiss/current/soladiankcom/node_modules/@vitest/runner/dist/index.js:39:7)\n    at runTest (file:///var/www/karaweiss/current/soladiankcom/node_modules/@vitest/runner/dist/index.js:1056:17)\n    at runSuite (file:///var/www/karaweiss/current/soladiankcom/node_modules/@vitest/runner/dist/index.js:1205:15)\n    at runSuite (file:///var/www/karaweiss/current/soladiankcom/node_modules/@vitest/runner/dist/index.js:1205:15)\n    at runFiles (file:///var/www/karaweiss/current/soladiankcom/node_modules/@vitest/runner/dist/index.js:1262:5)\n    at startTests (file:///var/www/karaweiss/current/soladiankcom/node_modules/@vitest/runner/dist/index.js:1271:3)","Error: Failed to release escrow: Cannot read properties of undefined (reading 'connected')\n    at SolanaEscrowService.releaseEscrow (/var/www/karaweiss/current/soladiankcom/frontend/src/services/solana/solana-escrow.ts:171:13)\n    at /var/www/karaweiss/current/soladiankcom/frontend/src/tests/solana-integration.test.ts:268:46\n    at file:///var/www/karaweiss/current/soladiankcom/node_modules/@vitest/runner/dist/index.js:146:14\n    at file:///var/www/karaweiss/current/soladiankcom/node_modules/@vitest/runner/dist/index.js:533:11\n    at runWithTimeout (file:///var/www/karaweiss/current/soladiankcom/node_modules/@vitest/runner/dist/index.js:39:7)\n    at runTest (file:///var/www/karaweiss/current/soladiankcom/node_modules/@vitest/runner/dist/index.js:1056:17)\n    at runSuite (file:///var/www/karaweiss/current/soladiankcom/node_modules/@vitest/runner/dist/index.js:1205:15)\n    at runSuite (file:///var/www/karaweiss/current/soladiankcom/node_modules/@vitest/runner/dist/index.js:1205:15)\n    at runFiles (file:///var/www/karaweiss/current/soladiankcom/node_modules/@vitest/runner/dist/index.js:1262:5)\n    at startTests (file:///var/www/karaweiss/current/soladiankcom/node_modules/@vitest/runner/dist/index.js:1271:3)","Error: Failed to release escrow: Cannot read properties of undefined (reading 'connected')\n    at SolanaEscrowService.releaseEscrow (/var/www/karaweiss/current/soladiankcom/frontend/src/services/solana/solana-escrow.ts:171:13)\n    at /var/www/karaweiss/current/soladiankcom/frontend/src/tests/solana-integration.test.ts:268:46\n    at file:///var/www/karaweiss/current/soladiankcom/node_modules/@vitest/runner/dist/index.js:146:14\n    at file:///var/www/karaweiss/current/soladiankcom/node_modules/@vitest/runner/dist/index.js:533:11\n    at runWithTimeout (file:///var/www/karaweiss/current/soladiankcom/node_modules/@vitest/runner/dist/index.js:39:7)\n    at runTest (file:///var/www/karaweiss/current/soladiankcom/node_modules/@vitest/runner/dist/index.js:1056:17)\n    at runSuite (file:///var/www/karaweiss/current/soladiankcom/node_modules/@vitest/runner/dist/index.js:1205:15)\n    at runSuite (file:///var/www/karaweiss/current/soladiankcom/node_modules/@vitest/runner/dist/index.js:1205:15)\n    at runFiles (file:///var/www/karaweiss/current/soladiankcom/node_modules/@vitest/runner/dist/index.js:1262:5)\n    at startTests (file:///var/www/karaweiss/current/soladiankcom/node_modules/@vitest/runner/dist/index.js:1271:3)"],"location":{"line":259,"column":3},"meta":{}},{"ancestorTitles":["Solana Escrow Service"],"fullName":"Solana Escrow Service should refund escrow","status":"failed","title":"should refund escrow","duration":1.265744999999697,"failureMessages":["Error: Failed to refund escrow: Cannot read properties of undefined (reading 'connected')\n    at SolanaEscrowService.refundEscrow (/var/www/karaweiss/current/soladiankcom/frontend/src/services/solana/solana-escrow.ts:219:13)\n    at /var/www/karaweiss/current/soladiankcom/frontend/src/tests/solana-integration.test.ts:282:46\n    at file:///var/www/karaweiss/current/soladiankcom/node_modules/@vitest/runner/dist/index.js:146:14\n    at file:///var/www/karaweiss/current/soladiankcom/node_modules/@vitest/runner/dist/index.js:533:11\n    at runWithTimeout (file:///var/www/karaweiss/current/soladiankcom/node_modules/@vitest/runner/dist/index.js:39:7)\n    at runTest (file:///var/www/karaweiss/current/soladiankcom/node_modules/@vitest/runner/dist/index.js:1056:17)\n    at runSuite (file:///var/www/karaweiss/current/soladiankcom/node_modules/@vitest/runner/dist/index.js:1205:15)\n    at runSuite (file:///var/www/karaweiss/current/soladiankcom/node_modules/@vitest/runner/dist/index.js:1205:15)\n    at runFiles (file:///var/www/karaweiss/current/soladiankcom/node_modules/@vitest/runner/dist/index.js:1262:5)\n    at startTests (file:///var/www/karaweiss/current/soladiankcom/node_modules/@vitest/runner/dist/index.js:1271:3)","Error: Failed to refund escrow: Cannot read properties of undefined (reading 'connected')\n    at SolanaEscrowService.refundEscrow (/var/www/karaweiss/current/soladiankcom/frontend/src/services/solana/solana-escrow.ts:219:13)\n    at /var/www/karaweiss/current/soladiankcom/frontend/src/tests/solana-integration.test.ts:282:46\n    at file:///var/www/karaweiss/current/soladiankcom/node_modules/@vitest/runner/dist/index.js:146:14\n    at file:///var/www/karaweiss/current/soladiankcom/node_modules/@vitest/runner/dist/index.js:533:11\n    at runWithTimeout (file:///var/www/karaweiss/current/soladiankcom/node_modules/@vitest/runner/dist/index.js:39:7)\n    at runTest (file:///var/www/karaweiss/current/soladiankcom/node_modules/@vitest/runner/dist/index.js:1056:17)\n    at runSuite (file:///var/www/karaweiss/current/soladiankcom/node_modules/@vitest/runner/dist/index.js:1205:15)\n    at runSuite (file:///var/www/karaweiss/current/soladiankcom/node_modules/@vitest/runner/dist/index.js:1205:15)\n    at runFiles (file:///var/www/karaweiss/current/soladiankcom/node_modules/@vitest/runner/dist/index.js:1262:5)\n    at startTests (file:///var/www/karaweiss/current/soladiankcom/node_modules/@vitest/runner/dist/index.js:1271:3)","Error: Failed to refund escrow: Cannot read properties of undefined (reading 'connected')\n    at SolanaEscrowService.refundEscrow (/var/www/karaweiss/current/soladiankcom/frontend/src/services/solana/solana-escrow.ts:219:13)\n    at /var/www/karaweiss/current/soladiankcom/frontend/src/tests/solana-integration.test.ts:282:46\n    at file:///var/www/karaweiss/current/soladiankcom/node_modules/@vitest/runner/dist/index.js:146:14\n    at file:///var/www/karaweiss/current/soladiankcom/node_modules/@vitest/runner/dist/index.js:533:11\n    at runWithTimeout (file:///var/www/karaweiss/current/soladiankcom/node_modules/@vitest/runner/dist/index.js:39:7)\n    at runTest (file:///var/www/karaweiss/current/soladiankcom/node_modules/@vitest/runner/dist/index.js:1056:17)\n    at runSuite (file:///var/www/karaweiss/current/soladiankcom/node_modules/@vitest/runner/dist/index.js:1205:15)\n    at runSuite (file:///var/www/karaweiss/current/soladiankcom/node_modules/@vitest/runner/dist/index.js:1205:15)\n    at runFiles (file:///var/www/karaweiss/current/soladiankcom/node_modules/@vitest/runner/dist/index.js:1262:5)\n    at startTests (file:///var/www/karaweiss/current/soladiankcom/node_modules/@vitest/runner/dist/index.js:1271:3)"],"location":{"line":273,"column":3},"meta":{}},{"ancestorTitles":["Solana API Integration"],"fullName":"Solana API Integration should handle API errors gracefully","status":"failed","title":"should handle API errors gracefully","duration":1.3446320000002743,"failureMessages":["AssertionError: expected undefined to be defined\n    at /var/www/karaweiss/current/soladiankcom/frontend/src/tests/solana-integration.test.ts:297:26\n    at file:///var/www/karaweiss/current/soladiankcom/node_modules/@vitest/runner/dist/index.js:533:5\n    at runTest (file:///var/www/karaweiss/current/soladiankcom/node_modules/@vitest/runner/dist/index.js:1056:11)\n    at runSuite (file:///var/www/karaweiss/current/soladiankcom/node_modules/@vitest/runner/dist/index.js:1205:15)\n    at runSuite (file:///var/www/karaweiss/current/soladiankcom/node_modules/@vitest/runner/dist/index.js:1205:15)\n    at runFiles (file:///var/www/karaweiss/current/soladiankcom/node_modules/@vitest/runner/dist/index.js:1262:5)\n    at startTests (file:///var/www/karaweiss/current/soladiankcom/node_modules/@vitest/runner/dist/index.js:1271:3)\n    at file:///var/www/karaweiss/current/soladiankcom/node_modules/vitest/dist/chunks/runBaseTests.3qpJUEJM.js:126:11\n    at withEnv (file:///var/www/karaweiss/current/soladiankcom/node_modules/vitest/dist/chunks/runBaseTests.3qpJUEJM.js:90:5)\n    at run (file:///var/www/karaweiss/current/soladiankcom/node_modules/vitest/dist/chunks/runBaseTests.3qpJUEJM.js:112:3)","AssertionError: expected undefined to be defined\n    at /var/www/karaweiss/current/soladiankcom/frontend/src/tests/solana-integration.test.ts:297:26\n    at file:///var/www/karaweiss/current/soladiankcom/node_modules/@vitest/runner/dist/index.js:533:5\n    at runTest (file:///var/www/karaweiss/current/soladiankcom/node_modules/@vitest/runner/dist/index.js:1056:11)\n    at runSuite (file:///var/www/karaweiss/current/soladiankcom/node_modules/@vitest/runner/dist/index.js:1205:15)\n    at runSuite (file:///var/www/karaweiss/current/soladiankcom/node_modules/@vitest/runner/dist/index.js:1205:15)\n    at runFiles (file:///var/www/karaweiss/current/soladiankcom/node_modules/@vitest/runner/dist/index.js:1262:5)\n    at startTests (file:///var/www/karaweiss/current/soladiankcom/node_modules/@vitest/runner/dist/index.js:1271:3)\n    at file:///var/www/karaweiss/current/soladiankcom/node_modules/vitest/dist/chunks/runBaseTests.3qpJUEJM.js:126:11\n    at withEnv (file:///var/www/karaweiss/current/soladiankcom/node_modules/vitest/dist/chunks/runBaseTests.3qpJUEJM.js:90:5)\n    at run (file:///var/www/karaweiss/current/soladiankcom/node_modules/vitest/dist/chunks/runBaseTests.3qpJUEJM.js:112:3)","AssertionError: expected undefined to be defined\n    at /var/www/karaweiss/current/soladiankcom/frontend/src/tests/solana-integration.test.ts:297:26\n    at file:///var/www/karaweiss/current/soladiankcom/node_modules/@vitest/runner/dist/index.js:533:5\n    at runTest (file:///var/www/karaweiss/current/soladiankcom/node_modules/@vitest/runner/dist/index.js:1056:11)\n    at runSuite (file:///var/www/karaweiss/current/soladiankcom/node_modules/@vitest/runner/dist/index.js:1205:15)\n    at runSuite (file:///var/www/karaweiss/current/soladiankcom/node_modules/@vitest/runner/dist/index.js:1205:15)\n    at runFiles (file:///var/www/karaweiss/current/soladiankcom/node_modules/@vitest/runner/dist/index.js:1262:5)\n    at startTests (file:///var/www/karaweiss/current/soladiankcom/node_modules/@vitest/runner/dist/index.js:1271:3)\n    at file:///var/www/karaweiss/current/soladiankcom/node_modules/vitest/dist/chunks/runBaseTests.3qpJUEJM.js:126:11\n    at withEnv (file:///var/www/karaweiss/current/soladiankcom/node_modules/vitest/dist/chunks/runBaseTests.3qpJUEJM.js:90:5)\n    at run (file:///var/www/karaweiss/current/soladiankcom/node_modules/vitest/dist/chunks/runBaseTests.3qpJUEJM.js:112:3)"],"location":{"line":293,"column":3},"meta":{}},{"ancestorTitles":["Solana API Integration"],"fullName":"Solana API Integration should handle API response errors","status":"failed","title":"should handle API response errors","duration":1.3252949999996417,"failureMessages":["AssertionError: expected undefined to be false // Object.is equality\n    at /var/www/karaweiss/current/soladiankcom/frontend/src/tests/solana-integration.test.ts:313:28\n    at file:///var/www/karaweiss/current/soladiankcom/node_modules/@vitest/runner/dist/index.js:533:5\n    at runTest (file:///var/www/karaweiss/current/soladiankcom/node_modules/@vitest/runner/dist/index.js:1056:11)\n    at runSuite (file:///var/www/karaweiss/current/soladiankcom/node_modules/@vitest/runner/dist/index.js:1205:15)\n    at runSuite (file:///var/www/karaweiss/current/soladiankcom/node_modules/@vitest/runner/dist/index.js:1205:15)\n    at runFiles (file:///var/www/karaweiss/current/soladiankcom/node_modules/@vitest/runner/dist/index.js:1262:5)\n    at startTests (file:///var/www/karaweiss/current/soladiankcom/node_modules/@vitest/runner/dist/index.js:1271:3)\n    at file:///var/www/karaweiss/current/soladiankcom/node_modules/vitest/dist/chunks/runBaseTests.3qpJUEJM.js:126:11\n    at withEnv (file:///var/www/karaweiss/current/soladiankcom/node_modules/vitest/dist/chunks/runBaseTests.3qpJUEJM.js:90:5)\n    at run (file:///var/www/karaweiss/current/soladiankcom/node_modules/vitest/dist/chunks/runBaseTests.3qpJUEJM.js:112:3)","AssertionError: expected undefined to be false // Object.is equality\n    at /var/www/karaweiss/current/soladiankcom/frontend/src/tests/solana-integration.test.ts:313:28\n    at file:///var/www/karaweiss/current/soladiankcom/node_modules/@vitest/runner/dist/index.js:533:5\n    at runTest (file:///var/www/karaweiss/current/soladiankcom/node_modules/@vitest/runner/dist/index.js:1056:11)\n    at runSuite (file:///var/www/karaweiss/current/soladiankcom/node_modules/@vitest/runner/dist/index.js:1205:15)\n    at runSuite (file:///var/www/karaweiss/current/soladiankcom/node_modules/@vitest/runner/dist/index.js:1205:15)\n    at runFiles (file:///var/www/karaweiss/current/soladiankcom/node_modules/@vitest/runner/dist/index.js:1262:5)\n    at startTests (file:///var/www/karaweiss/current/soladiankcom/node_modules/@vitest/runner/dist/index.js:1271:3)\n    at file:///var/www/karaweiss/current/soladiankcom/node_modules/vitest/dist/chunks/runBaseTests.3qpJUEJM.js:126:11\n    at withEnv (file:///var/www/karaweiss/current/soladiankcom/node_modules/vitest/dist/chunks/runBaseTests.3qpJUEJM.js:90:5)\n    at run (file:///var/www/karaweiss/current/soladiankcom/node_modules/vitest/dist/chunks/runBaseTests.3qpJUEJM.js:112:3)","AssertionError: expected undefined to be false // Object.is equality\n    at /var/www/karaweiss/current/soladiankcom/frontend/src/tests/solana-integration.test.ts:313:28\n    at file:///var/www/karaweiss/current/soladiankcom/node_modules/@vitest/runner/dist/index.js:533:5\n    at runTest (file:///var/www/karaweiss/current/soladiankcom/node_modules/@vitest/runner/dist/index.js:1056:11)\n    at runSuite (file:///var/www/karaweiss/current/soladiankcom/node_modules/@vitest/runner/dist/index.js:1205:15)\n    at runSuite (file:///var/www/karaweiss/current/soladiankcom/node_modules/@vitest/runner/dist/index.js:1205:15)\n    at runFiles (file:///var/www/karaweiss/current/soladiankcom/node_modules/@vitest/runner/dist/index.js:1262:5)\n    at startTests (file:///var/www/karaweiss/current/soladiankcom/node_modules/@vitest/runner/dist/index.js:1271:3)\n    at file:///var/www/karaweiss/current/soladiankcom/node_modules/vitest/dist/chunks/runBaseTests.3qpJUEJM.js:126:11\n    at withEnv (file:///var/www/karaweiss/current/soladiankcom/node_modules/vitest/dist/chunks/runBaseTests.3qpJUEJM.js:90:5)\n    at run (file:///var/www/karaweiss/current/soladiankcom/node_modules/vitest/dist/chunks/runBaseTests.3qpJUEJM.js:112:3)"],"location":{"line":301,"column":3},"meta":{}},{"ancestorTitles":["Solana API Integration"],"fullName":"Solana API Integration should handle network timeouts","status":"failed","title":"should handle network timeouts","duration":1.3220600000004197,"failureMessages":["AssertionError: expected undefined to be defined\n    at /var/www/karaweiss/current/soladiankcom/frontend/src/tests/solana-integration.test.ts:325:26\n    at file:///var/www/karaweiss/current/soladiankcom/node_modules/@vitest/runner/dist/index.js:533:5\n    at runTest (file:///var/www/karaweiss/current/soladiankcom/node_modules/@vitest/runner/dist/index.js:1056:11)\n    at runSuite (file:///var/www/karaweiss/current/soladiankcom/node_modules/@vitest/runner/dist/index.js:1205:15)\n    at runSuite (file:///var/www/karaweiss/current/soladiankcom/node_modules/@vitest/runner/dist/index.js:1205:15)\n    at runFiles (file:///var/www/karaweiss/current/soladiankcom/node_modules/@vitest/runner/dist/index.js:1262:5)\n    at startTests (file:///var/www/karaweiss/current/soladiankcom/node_modules/@vitest/runner/dist/index.js:1271:3)\n    at file:///var/www/karaweiss/current/soladiankcom/node_modules/vitest/dist/chunks/runBaseTests.3qpJUEJM.js:126:11\n    at withEnv (file:///var/www/karaweiss/current/soladiankcom/node_modules/vitest/dist/chunks/runBaseTests.3qpJUEJM.js:90:5)\n    at run (file:///var/www/karaweiss/current/soladiankcom/node_modules/vitest/dist/chunks/runBaseTests.3qpJUEJM.js:112:3)","AssertionError: expected undefined to be defined\n    at /var/www/karaweiss/current/soladiankcom/frontend/src/tests/solana-integration.test.ts:325:26\n    at file:///var/www/karaweiss/current/soladiankcom/node_modules/@vitest/runner/dist/index.js:533:5\n    at runTest (file:///var/www/karaweiss/current/soladiankcom/node_modules/@vitest/runner/dist/index.js:1056:11)\n    at runSuite (file:///var/www/karaweiss/current/soladiankcom/node_modules/@vitest/runner/dist/index.js:1205:15)\n    at runSuite (file:///var/www/karaweiss/current/soladiankcom/node_modules/@vitest/runner/dist/index.js:1205:15)\n    at runFiles (file:///var/www/karaweiss/current/soladiankcom/node_modules/@vitest/runner/dist/index.js:1262:5)\n    at startTests (file:///var/www/karaweiss/current/soladiankcom/node_modules/@vitest/runner/dist/index.js:1271:3)\n    at file:///var/www/karaweiss/current/soladiankcom/node_modules/vitest/dist/chunks/runBaseTests.3qpJUEJM.js:126:11\n    at withEnv (file:///var/www/karaweiss/current/soladiankcom/node_modules/vitest/dist/chunks/runBaseTests.3qpJUEJM.js:90:5)\n    at run (file:///var/www/karaweiss/current/soladiankcom/node_modules/vitest/dist/chunks/runBaseTests.3qpJUEJM.js:112:3)","AssertionError: expected undefined to be defined\n    at /var/www/karaweiss/current/soladiankcom/frontend/src/tests/solana-integration.test.ts:325:26\n    at file:///var/www/karaweiss/current/soladiankcom/node_modules/@vitest/runner/dist/index.js:533:5\n    at runTest (file:///var/www/karaweiss/current/soladiankcom/node_modules/@vitest/runner/dist/index.js:1056:11)\n    at runSuite (file:///var/www/karaweiss/current/soladiankcom/node_modules/@vitest/runner/dist/index.js:1205:15)\n    at runSuite (file:///var/www/karaweiss/current/soladiankcom/node_modules/@vitest/runner/dist/index.js:1205:15)\n    at runFiles (file:///var/www/karaweiss/current/soladiankcom/node_modules/@vitest/runner/dist/index.js:1262:5)\n    at startTests (file:///var/www/karaweiss/current/soladiankcom/node_modules/@vitest/runner/dist/index.js:1271:3)\n    at file:///var/www/karaweiss/current/soladiankcom/node_modules/vitest/dist/chunks/runBaseTests.3qpJUEJM.js:126:11\n    at withEnv (file:///var/www/karaweiss/current/soladiankcom/node_modules/vitest/dist/chunks/runBaseTests.3qpJUEJM.js:90:5)\n    at run (file:///var/www/karaweiss/current/soladiankcom/node_modules/vitest/dist/chunks/runBaseTests.3qpJUEJM.js:112:3)"],"location":{"line":317,"column":3},"meta":{}},{"ancestorTitles":["Solana Event System"],"fullName":"Solana Event System should emit wallet connection events","status":"failed","title":"should emit wallet connection events","duration":1.2482010000003356,"failureMessages":["TypeError: __vite_ssr_import_1__.enhancedSolanaWalletService.emit is not a function\n    at /var/www/karaweiss/current/soladiankcom/frontend/src/tests/solana-integration.test.ts:335:33\n    at file:///var/www/karaweiss/current/soladiankcom/node_modules/@vitest/runner/dist/index.js:146:14\n    at file:///var/www/karaweiss/current/soladiankcom/node_modules/@vitest/runner/dist/index.js:533:11\n    at runWithTimeout (file:///var/www/karaweiss/current/soladiankcom/node_modules/@vitest/runner/dist/index.js:39:7)\n    at runTest (file:///var/www/karaweiss/current/soladiankcom/node_modules/@vitest/runner/dist/index.js:1056:17)\n    at runSuite (file:///var/www/karaweiss/current/soladiankcom/node_modules/@vitest/runner/dist/index.js:1205:15)\n    at runSuite (file:///var/www/karaweiss/current/soladiankcom/node_modules/@vitest/runner/dist/index.js:1205:15)\n    at runFiles (file:///var/www/karaweiss/current/soladiankcom/node_modules/@vitest/runner/dist/index.js:1262:5)\n    at startTests (file:///var/www/karaweiss/current/soladiankcom/node_modules/@vitest/runner/dist/index.js:1271:3)\n    at file:///var/www/karaweiss/current/soladiankcom/node_modules/vitest/dist/chunks/runBaseTests.3qpJUEJM.js:126:11","TypeError: __vite_ssr_import_1__.enhancedSolanaWalletService.emit is not a function\n    at /var/www/karaweiss/current/soladiankcom/frontend/src/tests/solana-integration.test.ts:335:33\n    at file:///var/www/karaweiss/current/soladiankcom/node_modules/@vitest/runner/dist/index.js:146:14\n    at file:///var/www/karaweiss/current/soladiankcom/node_modules/@vitest/runner/dist/index.js:533:11\n    at runWithTimeout (file:///var/www/karaweiss/current/soladiankcom/node_modules/@vitest/runner/dist/index.js:39:7)\n    at runTest (file:///var/www/karaweiss/current/soladiankcom/node_modules/@vitest/runner/dist/index.js:1056:17)\n    at runSuite (file:///var/www/karaweiss/current/soladiankcom/node_modules/@vitest/runner/dist/index.js:1205:15)\n    at runSuite (file:///var/www/karaweiss/current/soladiankcom/node_modules/@vitest/runner/dist/index.js:1205:15)\n    at runFiles (file:///var/www/karaweiss/current/soladiankcom/node_modules/@vitest/runner/dist/index.js:1262:5)\n    at startTests (file:///var/www/karaweiss/current/soladiankcom/node_modules/@vitest/runner/dist/index.js:1271:3)\n    at file:///var/www/karaweiss/current/soladiankcom/node_modules/vitest/dist/chunks/runBaseTests.3qpJUEJM.js:126:11","TypeError: __vite_ssr_import_1__.enhancedSolanaWalletService.emit is not a function\n    at /var/www/karaweiss/current/soladiankcom/frontend/src/tests/solana-integration.test.ts:335:33\n    at file:///var/www/karaweiss/current/soladiankcom/node_modules/@vitest/runner/dist/index.js:146:14\n    at file:///var/www/karaweiss/current/soladiankcom/node_modules/@vitest/runner/dist/index.js:533:11\n    at runWithTimeout (file:///var/www/karaweiss/current/soladiankcom/node_modules/@vitest/runner/dist/index.js:39:7)\n    at runTest (file:///var/www/karaweiss/current/soladiankcom/node_modules/@vitest/runner/dist/index.js:1056:17)\n    at runSuite (file:///var/www/karaweiss/current/soladiankcom/node_modules/@vitest/runner/dist/index.js:1205:15)\n    at runSuite (file:///var/www/karaweiss/current/soladiankcom/node_modules/@vitest/runner/dist/index.js:1205:15)\n    at runFiles (file:///var/www/karaweiss/current/soladiankcom/node_modules/@vitest/runner/dist/index.js:1262:5)\n    at startTests (file:///var/www/karaweiss/current/soladiankcom/node_modules/@vitest/runner/dist/index.js:1271:3)\n    at file:///var/www/karaweiss/current/soladiankcom/node_modules/vitest/dist/chunks/runBaseTests.3qpJUEJM.js:126:11"],"location":{"line":330,"column":3},"meta":{}},{"ancestorTitles":["Solana Event System"],"fullName":"Solana Event System should emit transaction events","status":"failed","title":"should emit transaction events","duration":1.0592070000002423,"failureMessages":["TypeError: __vite_ssr_import_2__.solanaTransactionService.on is not a function\n    at /var/www/karaweiss/current/soladiankcom/frontend/src/tests/solana-integration.test.ts:348:30\n    at file:///var/www/karaweiss/current/soladiankcom/node_modules/@vitest/runner/dist/index.js:146:14\n    at file:///var/www/karaweiss/current/soladiankcom/node_modules/@vitest/runner/dist/index.js:533:11\n    at runWithTimeout (file:///var/www/karaweiss/current/soladiankcom/node_modules/@vitest/runner/dist/index.js:39:7)\n    at runTest (file:///var/www/karaweiss/current/soladiankcom/node_modules/@vitest/runner/dist/index.js:1056:17)\n    at runSuite (file:///var/www/karaweiss/current/soladiankcom/node_modules/@vitest/runner/dist/index.js:1205:15)\n    at runSuite (file:///var/www/karaweiss/current/soladiankcom/node_modules/@vitest/runner/dist/index.js:1205:15)\n    at runFiles (file:///var/www/karaweiss/current/soladiankcom/node_modules/@vitest/runner/dist/index.js:1262:5)\n    at startTests (file:///var/www/karaweiss/current/soladiankcom/node_modules/@vitest/runner/dist/index.js:1271:3)\n    at file:///var/www/karaweiss/current/soladiankcom/node_modules/vitest/dist/chunks/runBaseTests.3qpJUEJM.js:126:11","TypeError: __vite_ssr_import_2__.solanaTransactionService.on is not a function\n    at /var/www/karaweiss/current/soladiankcom/frontend/src/tests/solana-integration.test.ts:348:30\n    at file:///var/www/karaweiss/current/soladiankcom/node_modules/@vitest/runner/dist/index.js:146:14\n    at file:///var/www/karaweiss/current/soladiankcom/node_modules/@vitest/runner/dist/index.js:533:11\n    at runWithTimeout (file:///var/www/karaweiss/current/soladiankcom/node_modules/@vitest/runner/dist/index.js:39:7)\n    at runTest (file:///var/www/karaweiss/current/soladiankcom/node_modules/@vitest/runner/dist/index.js:1056:17)\n    at runSuite (file:///var/www/karaweiss/current/soladiankcom/node_modules/@vitest/runner/dist/index.js:1205:15)\n    at runSuite (file:///var/www/karaweiss/current/soladiankcom/node_modules/@vitest/runner/dist/index.js:1205:15)\n    at runFiles (file:///var/www/karaweiss/current/soladiankcom/node_modules/@vitest/runner/dist/index.js:1262:5)\n    at startTests (file:///var/www/karaweiss/current/soladiankcom/node_modules/@vitest/runner/dist/index.js:1271:3)\n    at file:///var/www/karaweiss/current/soladiankcom/node_modules/vitest/dist/chunks/runBaseTests.3qpJUEJM.js:126:11","TypeError: __vite_ssr_import_2__.solanaTransactionService.on is not a function\n    at /var/www/karaweiss/current/soladiankcom/frontend/src/tests/solana-integration.test.ts:348:30\n    at file:///var/www/karaweiss/current/soladiankcom/node_modules/@vitest/runner/dist/index.js:146:14\n    at file:///var/www/karaweiss/current/soladiankcom/node_modules/@vitest/runner/dist/index.js:533:11\n    at runWithTimeout (file:///var/www/karaweiss/current/soladiankcom/node_modules/@vitest/runner/dist/index.js:39:7)\n    at runTest (file:///var/www/karaweiss/current/soladiankcom/node_modules/@vitest/runner/dist/index.js:1056:17)\n    at runSuite (file:///var/www/karaweiss/current/soladiankcom/node_modules/@vitest/runner/dist/index.js:1205:15)\n    at runSuite (file:///var/www/karaweiss/current/soladiankcom/node_modules/@vitest/runner/dist/index.js:1205:15)\n    at runFiles (file:///var/www/karaweiss/current/soladiankcom/node_modules/@vitest/runner/dist/index.js:1262:5)\n    at startTests (file:///var/www/karaweiss/current/soladiankcom/node_modules/@vitest/runner/dist/index.js:1271:3)\n    at file:///var/www/karaweiss/current/soladiankcom/node_modules/vitest/dist/chunks/runBaseTests.3qpJUEJM.js:126:11"],"location":{"line":346,"column":3},"meta":{}},{"ancestorTitles":["Solana Event System"],"fullName":"Solana Event System should remove event listeners","status":"failed","title":"should remove event listeners","duration":1.493720999999823,"failureMessages":["TypeError: __vite_ssr_import_1__.enhancedSolanaWalletService.emit is not a function\n    at /var/www/karaweiss/current/soladiankcom/frontend/src/tests/solana-integration.test.ts:368:33\n    at file:///var/www/karaweiss/current/soladiankcom/node_modules/@vitest/runner/dist/index.js:146:14\n    at file:///var/www/karaweiss/current/soladiankcom/node_modules/@vitest/runner/dist/index.js:533:11\n    at runWithTimeout (file:///var/www/karaweiss/current/soladiankcom/node_modules/@vitest/runner/dist/index.js:39:7)\n    at runTest (file:///var/www/karaweiss/current/soladiankcom/node_modules/@vitest/runner/dist/index.js:1056:17)\n    at runSuite (file:///var/www/karaweiss/current/soladiankcom/node_modules/@vitest/runner/dist/index.js:1205:15)\n    at runSuite (file:///var/www/karaweiss/current/soladiankcom/node_modules/@vitest/runner/dist/index.js:1205:15)\n    at runFiles (file:///var/www/karaweiss/current/soladiankcom/node_modules/@vitest/runner/dist/index.js:1262:5)\n    at startTests (file:///var/www/karaweiss/current/soladiankcom/node_modules/@vitest/runner/dist/index.js:1271:3)\n    at file:///var/www/karaweiss/current/soladiankcom/node_modules/vitest/dist/chunks/runBaseTests.3qpJUEJM.js:126:11","TypeError: __vite_ssr_import_1__.enhancedSolanaWalletService.emit is not a function\n    at /var/www/karaweiss/current/soladiankcom/frontend/src/tests/solana-integration.test.ts:368:33\n    at file:///var/www/karaweiss/current/soladiankcom/node_modules/@vitest/runner/dist/index.js:146:14\n    at file:///var/www/karaweiss/current/soladiankcom/node_modules/@vitest/runner/dist/index.js:533:11\n    at runWithTimeout (file:///var/www/karaweiss/current/soladiankcom/node_modules/@vitest/runner/dist/index.js:39:7)\n    at runTest (file:///var/www/karaweiss/current/soladiankcom/node_modules/@vitest/runner/dist/index.js:1056:17)\n    at runSuite (file:///var/www/karaweiss/current/soladiankcom/node_modules/@vitest/runner/dist/index.js:1205:15)\n    at runSuite (file:///var/www/karaweiss/current/soladiankcom/node_modules/@vitest/runner/dist/index.js:1205:15)\n    at runFiles (file:///var/www/karaweiss/current/soladiankcom/node_modules/@vitest/runner/dist/index.js:1262:5)\n    at startTests (file:///var/www/karaweiss/current/soladiankcom/node_modules/@vitest/runner/dist/index.js:1271:3)\n    at file:///var/www/karaweiss/current/soladiankcom/node_modules/vitest/dist/chunks/runBaseTests.3qpJUEJM.js:126:11","TypeError: __vite_ssr_import_1__.enhancedSolanaWalletService.emit is not a function\n    at /var/www/karaweiss/current/soladiankcom/frontend/src/tests/solana-integration.test.ts:368:33\n    at file:///var/www/karaweiss/current/soladiankcom/node_modules/@vitest/runner/dist/index.js:146:14\n    at file:///var/www/karaweiss/current/soladiankcom/node_modules/@vitest/runner/dist/index.js:533:11\n    at runWithTimeout (file:///var/www/karaweiss/current/soladiankcom/node_modules/@vitest/runner/dist/index.js:39:7)\n    at runTest (file:///var/www/karaweiss/current/soladiankcom/node_modules/@vitest/runner/dist/index.js:1056:17)\n    at runSuite (file:///var/www/karaweiss/current/soladiankcom/node_modules/@vitest/runner/dist/index.js:1205:15)\n    at runSuite (file:///var/www/karaweiss/current/soladiankcom/node_modules/@vitest/runner/dist/index.js:1205:15)\n    at runFiles (file:///var/www/karaweiss/current/soladiankcom/node_modules/@vitest/runner/dist/index.js:1262:5)\n    at startTests (file:///var/www/karaweiss/current/soladiankcom/node_modules/@vitest/runner/dist/index.js:1271:3)\n    at file:///var/www/karaweiss/current/soladiankcom/node_modules/vitest/dist/chunks/runBaseTests.3qpJUEJM.js:126:11"],"location":{"line":362,"column":3},"meta":{}},{"ancestorTitles":["Solana Utility Functions"],"fullName":"Solana Utility Functions should validate Solana addresses","status":"passed","title":"should validate Solana addresses","duration":0.3185480000001917,"failureMessages":[],"location":{"line":375,"column":3},"meta":{}},{"ancestorTitles":["Solana Utility Functions"],"fullName":"Solana Utility Functions should format SOL amounts","status":"passed","title":"should format SOL amounts","duration":0.22155500000008033,"failureMessages":[],"location":{"line":388,"column":3},"meta":{}},{"ancestorTitles":["Solana Utility Functions"],"fullName":"Solana Utility Functions should calculate transaction fees","status":"passed","title":"should calculate transaction fees","duration":0.2022789999991801,"failureMessages":[],"location":{"line":397,"column":3},"meta":{}}],"startTime":1759690245831,"endTime":1759690251882.2214,"status":"failed","message":"","name":"/var/www/karaweiss/current/soladiankcom/frontend/src/tests/solana-integration.test.ts"},{"assertionResults":[{"ancestorTitles":["OfflineManager","Transaction Management"],"fullName":"OfflineManager Transaction Management should save transaction offline","status":"failed","title":"should save transaction offline","duration":19.941441999999824,"failureMessages":["TypeError: Cannot set properties of undefined (setting 'onsuccess')\n    at /var/www/karaweiss/current/soladiankcom/frontend/src/services/OfflineManager.ts:95:15\n    at new Promise (<anonymous>)\n    at OfflineManager.saveTransaction (/var/www/karaweiss/current/soladiankcom/frontend/src/services/OfflineManager.ts:90:12)\n    at /var/www/karaweiss/current/soladiankcom/frontend/src/tests/services/OfflineManager.test.ts:90:28\n    at file:///var/www/karaweiss/current/soladiankcom/node_modules/@vitest/runner/dist/index.js:146:14\n    at file:///var/www/karaweiss/current/soladiankcom/node_modules/@vitest/runner/dist/index.js:533:11\n    at runWithTimeout (file:///var/www/karaweiss/current/soladiankcom/node_modules/@vitest/runner/dist/index.js:39:7)\n    at runTest (file:///var/www/karaweiss/current/soladiankcom/node_modules/@vitest/runner/dist/index.js:1056:17)\n    at runSuite (file:///var/www/karaweiss/current/soladiankcom/node_modules/@vitest/runner/dist/index.js:1205:15)\n    at runSuite (file:///var/www/karaweiss/current/soladiankcom/node_modules/@vitest/runner/dist/index.js:1205:15)","TypeError: Cannot set properties of undefined (setting 'onsuccess')\n    at /var/www/karaweiss/current/soladiankcom/frontend/src/services/OfflineManager.ts:95:15\n    at new Promise (<anonymous>)\n    at OfflineManager.saveTransaction (/var/www/karaweiss/current/soladiankcom/frontend/src/services/OfflineManager.ts:90:12)\n    at /var/www/karaweiss/current/soladiankcom/frontend/src/tests/services/OfflineManager.test.ts:90:28\n    at file:///var/www/karaweiss/current/soladiankcom/node_modules/@vitest/runner/dist/index.js:146:14\n    at file:///var/www/karaweiss/current/soladiankcom/node_modules/@vitest/runner/dist/index.js:533:11\n    at runWithTimeout (file:///var/www/karaweiss/current/soladiankcom/node_modules/@vitest/runner/dist/index.js:39:7)\n    at runTest (file:///var/www/karaweiss/current/soladiankcom/node_modules/@vitest/runner/dist/index.js:1056:17)\n    at runSuite (file:///var/www/karaweiss/current/soladiankcom/node_modules/@vitest/runner/dist/index.js:1205:15)\n    at runSuite (file:///var/www/karaweiss/current/soladiankcom/node_modules/@vitest/runner/dist/index.js:1205:15)","TypeError: Cannot set properties of undefined (setting 'onsuccess')\n    at /var/www/karaweiss/current/soladiankcom/frontend/src/services/OfflineManager.ts:95:15\n    at new Promise (<anonymous>)\n    at OfflineManager.saveTransaction (/var/www/karaweiss/current/soladiankcom/frontend/src/services/OfflineManager.ts:90:12)\n    at /var/www/karaweiss/current/soladiankcom/frontend/src/tests/services/OfflineManager.test.ts:90:28\n    at file:///var/www/karaweiss/current/soladiankcom/node_modules/@vitest/runner/dist/index.js:146:14\n    at file:///var/www/karaweiss/current/soladiankcom/node_modules/@vitest/runner/dist/index.js:533:11\n    at runWithTimeout (file:///var/www/karaweiss/current/soladiankcom/node_modules/@vitest/runner/dist/index.js:39:7)\n    at runTest (file:///var/www/karaweiss/current/soladiankcom/node_modules/@vitest/runner/dist/index.js:1056:17)\n    at runSuite (file:///var/www/karaweiss/current/soladiankcom/node_modules/@vitest/runner/dist/index.js:1205:15)\n    at runSuite (file:///var/www/karaweiss/current/soladiankcom/node_modules/@vitest/runner/dist/index.js:1205:15)"],"location":{"line":75,"column":5},"meta":{}},{"ancestorTitles":["OfflineManager","Transaction Management"],"fullName":"OfflineManager Transaction Management should get transactions","status":"failed","title":"should get transactions","duration":30018.138381,"failureMessages":["Error: Test timed out in 10000ms.\nIf this is a long-running test, pass a timeout value as the last argument or configure it globally with \"testTimeout\".\n    at Timeout.<anonymous> (file:///var/www/karaweiss/current/soladiankcom/node_modules/@vitest/runner/dist/index.js:44:18)\n    at listOnTimeout (node:internal/timers:588:17)\n    at processTimers (node:internal/timers:523:7)","Error: Test timed out in 10000ms.\nIf this is a long-running test, pass a timeout value as the last argument or configure it globally with \"testTimeout\".\n    at Timeout.<anonymous> (file:///var/www/karaweiss/current/soladiankcom/node_modules/@vitest/runner/dist/index.js:44:18)\n    at listOnTimeout (node:internal/timers:588:17)\n    at processTimers (node:internal/timers:523:7)","Error: Test timed out in 10000ms.\nIf this is a long-running test, pass a timeout value as the last argument or configure it globally with \"testTimeout\".\n    at Timeout.<anonymous> (file:///var/www/karaweiss/current/soladiankcom/node_modules/@vitest/runner/dist/index.js:44:18)\n    at listOnTimeout (node:internal/timers:588:17)\n    at processTimers (node:internal/timers:523:7)"],"location":{"line":95,"column":5},"meta":{}},{"ancestorTitles":["OfflineManager","Transaction Management"],"fullName":"OfflineManager Transaction Management should remove transaction","status":"failed","title":"should remove transaction","duration":30021.439693000004,"failureMessages":["Error: Test timed out in 10000ms.\nIf this is a long-running test, pass a timeout value as the last argument or configure it globally with \"testTimeout\".\n    at Timeout.<anonymous> (file:///var/www/karaweiss/current/soladiankcom/node_modules/@vitest/runner/dist/index.js:44:18)\n    at listOnTimeout (node:internal/timers:588:17)\n    at processTimers (node:internal/timers:523:7)","Error: Test timed out in 10000ms.\nIf this is a long-running test, pass a timeout value as the last argument or configure it globally with \"testTimeout\".\n    at Timeout.<anonymous> (file:///var/www/karaweiss/current/soladiankcom/node_modules/@vitest/runner/dist/index.js:44:18)\n    at listOnTimeout (node:internal/timers:588:17)\n    at processTimers (node:internal/timers:523:7)","Error: Test timed out in 10000ms.\nIf this is a long-running test, pass a timeout value as the last argument or configure it globally with \"testTimeout\".\n    at Timeout.<anonymous> (file:///var/www/karaweiss/current/soladiankcom/node_modules/@vitest/runner/dist/index.js:44:18)\n    at listOnTimeout (node:internal/timers:588:17)\n    at processTimers (node:internal/timers:523:7)"],"location":{"line":126,"column":5},"meta":{}},{"ancestorTitles":["OfflineManager","Favorites Management"],"fullName":"OfflineManager Favorites Management should save favorite offline","status":"failed","title":"should save favorite offline","duration":1.9369630000001052,"failureMessages":["TypeError: store.put is not a function\n    at /var/www/karaweiss/current/soladiankcom/frontend/src/services/OfflineManager.ts:153:29\n    at new Promise (<anonymous>)\n    at OfflineManager.saveFavorite (/var/www/karaweiss/current/soladiankcom/frontend/src/services/OfflineManager.ts:150:12)\n    at /var/www/karaweiss/current/soladiankcom/frontend/src/tests/services/OfflineManager.test.ts:157:28\n    at file:///var/www/karaweiss/current/soladiankcom/node_modules/@vitest/runner/dist/index.js:146:14\n    at file:///var/www/karaweiss/current/soladiankcom/node_modules/@vitest/runner/dist/index.js:533:11\n    at runWithTimeout (file:///var/www/karaweiss/current/soladiankcom/node_modules/@vitest/runner/dist/index.js:39:7)\n    at runTest (file:///var/www/karaweiss/current/soladiankcom/node_modules/@vitest/runner/dist/index.js:1056:17)\n    at runSuite (file:///var/www/karaweiss/current/soladiankcom/node_modules/@vitest/runner/dist/index.js:1205:15)\n    at runSuite (file:///var/www/karaweiss/current/soladiankcom/node_modules/@vitest/runner/dist/index.js:1205:15)","TypeError: store.put is not a function\n    at /var/www/karaweiss/current/soladiankcom/frontend/src/services/OfflineManager.ts:153:29\n    at new Promise (<anonymous>)\n    at OfflineManager.saveFavorite (/var/www/karaweiss/current/soladiankcom/frontend/src/services/OfflineManager.ts:150:12)\n    at /var/www/karaweiss/current/soladiankcom/frontend/src/tests/services/OfflineManager.test.ts:157:28\n    at file:///var/www/karaweiss/current/soladiankcom/node_modules/@vitest/runner/dist/index.js:146:14\n    at file:///var/www/karaweiss/current/soladiankcom/node_modules/@vitest/runner/dist/index.js:533:11\n    at runWithTimeout (file:///var/www/karaweiss/current/soladiankcom/node_modules/@vitest/runner/dist/index.js:39:7)\n    at runTest (file:///var/www/karaweiss/current/soladiankcom/node_modules/@vitest/runner/dist/index.js:1056:17)\n    at runSuite (file:///var/www/karaweiss/current/soladiankcom/node_modules/@vitest/runner/dist/index.js:1205:15)\n    at runSuite (file:///var/www/karaweiss/current/soladiankcom/node_modules/@vitest/runner/dist/index.js:1205:15)","TypeError: store.put is not a function\n    at /var/www/karaweiss/current/soladiankcom/frontend/src/services/OfflineManager.ts:153:29\n    at new Promise (<anonymous>)\n    at OfflineManager.saveFavorite (/var/www/karaweiss/current/soladiankcom/frontend/src/services/OfflineManager.ts:150:12)\n    at /var/www/karaweiss/current/soladiankcom/frontend/src/tests/services/OfflineManager.test.ts:157:28\n    at file:///var/www/karaweiss/current/soladiankcom/node_modules/@vitest/runner/dist/index.js:146:14\n    at file:///var/www/karaweiss/current/soladiankcom/node_modules/@vitest/runner/dist/index.js:533:11\n    at runWithTimeout (file:///var/www/karaweiss/current/soladiankcom/node_modules/@vitest/runner/dist/index.js:39:7)\n    at runTest (file:///var/www/karaweiss/current/soladiankcom/node_modules/@vitest/runner/dist/index.js:1056:17)\n    at runSuite (file:///var/www/karaweiss/current/soladiankcom/node_modules/@vitest/runner/dist/index.js:1205:15)\n    at runSuite (file:///var/www/karaweiss/current/soladiankcom/node_modules/@vitest/runner/dist/index.js:1205:15)"],"location":{"line":146,"column":5},"meta":{}},{"ancestorTitles":["OfflineManager","Favorites Management"],"fullName":"OfflineManager Favorites Management should get favorites","status":"failed","title":"should get favorites","duration":30025.291087000005,"failureMessages":["Error: Test timed out in 10000ms.\nIf this is a long-running test, pass a timeout value as the last argument or configure it globally with \"testTimeout\".\n    at Timeout.<anonymous> (file:///var/www/karaweiss/current/soladiankcom/node_modules/@vitest/runner/dist/index.js:44:18)\n    at listOnTimeout (node:internal/timers:588:17)\n    at processTimers (node:internal/timers:523:7)","Error: Test timed out in 10000ms.\nIf this is a long-running test, pass a timeout value as the last argument or configure it globally with \"testTimeout\".\n    at Timeout.<anonymous> (file:///var/www/karaweiss/current/soladiankcom/node_modules/@vitest/runner/dist/index.js:44:18)\n    at listOnTimeout (node:internal/timers:588:17)\n    at processTimers (node:internal/timers:523:7)","Error: Test timed out in 10000ms.\nIf this is a long-running test, pass a timeout value as the last argument or configure it globally with \"testTimeout\".\n    at Timeout.<anonymous> (file:///var/www/karaweiss/current/soladiankcom/node_modules/@vitest/runner/dist/index.js:44:18)\n    at listOnTimeout (node:internal/timers:588:17)\n    at processTimers (node:internal/timers:523:7)"],"location":{"line":161,"column":5},"meta":{}},{"ancestorTitles":["OfflineManager","Favorites Management"],"fullName":"OfflineManager Favorites Management should remove favorite","status":"failed","title":"should remove favorite","duration":30020.54583599999,"failureMessages":["Error: Test timed out in 10000ms.\nIf this is a long-running test, pass a timeout value as the last argument or configure it globally with \"testTimeout\".\n    at Timeout.<anonymous> (file:///var/www/karaweiss/current/soladiankcom/node_modules/@vitest/runner/dist/index.js:44:18)\n    at listOnTimeout (node:internal/timers:588:17)\n    at processTimers (node:internal/timers:523:7)","Error: Test timed out in 10000ms.\nIf this is a long-running test, pass a timeout value as the last argument or configure it globally with \"testTimeout\".\n    at Timeout.<anonymous> (file:///var/www/karaweiss/current/soladiankcom/node_modules/@vitest/runner/dist/index.js:44:18)\n    at listOnTimeout (node:internal/timers:588:17)\n    at processTimers (node:internal/timers:523:7)","Error: Test timed out in 10000ms.\nIf this is a long-running test, pass a timeout value as the last argument or configure it globally with \"testTimeout\".\n    at Timeout.<anonymous> (file:///var/www/karaweiss/current/soladiankcom/node_modules/@vitest/runner/dist/index.js:44:18)\n    at listOnTimeout (node:internal/timers:588:17)\n    at processTimers (node:internal/timers:523:7)"],"location":{"line":188,"column":5},"meta":{}},{"ancestorTitles":["OfflineManager","Cart Management"],"fullName":"OfflineManager Cart Management should save cart item offline","status":"failed","title":"should save cart item offline","duration":1.7508640000014566,"failureMessages":["TypeError: store.put is not a function\n    at /var/www/karaweiss/current/soladiankcom/frontend/src/services/OfflineManager.ts:213:29\n    at new Promise (<anonymous>)\n    at OfflineManager.saveCartItem (/var/www/karaweiss/current/soladiankcom/frontend/src/services/OfflineManager.ts:210:12)\n    at /var/www/karaweiss/current/soladiankcom/frontend/src/tests/services/OfflineManager.test.ts:221:28\n    at file:///var/www/karaweiss/current/soladiankcom/node_modules/@vitest/runner/dist/index.js:146:14\n    at file:///var/www/karaweiss/current/soladiankcom/node_modules/@vitest/runner/dist/index.js:533:11\n    at runWithTimeout (file:///var/www/karaweiss/current/soladiankcom/node_modules/@vitest/runner/dist/index.js:39:7)\n    at runTest (file:///var/www/karaweiss/current/soladiankcom/node_modules/@vitest/runner/dist/index.js:1056:17)\n    at runSuite (file:///var/www/karaweiss/current/soladiankcom/node_modules/@vitest/runner/dist/index.js:1205:15)\n    at runSuite (file:///var/www/karaweiss/current/soladiankcom/node_modules/@vitest/runner/dist/index.js:1205:15)","TypeError: store.put is not a function\n    at /var/www/karaweiss/current/soladiankcom/frontend/src/services/OfflineManager.ts:213:29\n    at new Promise (<anonymous>)\n    at OfflineManager.saveCartItem (/var/www/karaweiss/current/soladiankcom/frontend/src/services/OfflineManager.ts:210:12)\n    at /var/www/karaweiss/current/soladiankcom/frontend/src/tests/services/OfflineManager.test.ts:221:28\n    at file:///var/www/karaweiss/current/soladiankcom/node_modules/@vitest/runner/dist/index.js:146:14\n    at file:///var/www/karaweiss/current/soladiankcom/node_modules/@vitest/runner/dist/index.js:533:11\n    at runWithTimeout (file:///var/www/karaweiss/current/soladiankcom/node_modules/@vitest/runner/dist/index.js:39:7)\n    at runTest (file:///var/www/karaweiss/current/soladiankcom/node_modules/@vitest/runner/dist/index.js:1056:17)\n    at runSuite (file:///var/www/karaweiss/current/soladiankcom/node_modules/@vitest/runner/dist/index.js:1205:15)\n    at runSuite (file:///var/www/karaweiss/current/soladiankcom/node_modules/@vitest/runner/dist/index.js:1205:15)","TypeError: store.put is not a function\n    at /var/www/karaweiss/current/soladiankcom/frontend/src/services/OfflineManager.ts:213:29\n    at new Promise (<anonymous>)\n    at OfflineManager.saveCartItem (/var/www/karaweiss/current/soladiankcom/frontend/src/services/OfflineManager.ts:210:12)\n    at /var/www/karaweiss/current/soladiankcom/frontend/src/tests/services/OfflineManager.test.ts:221:28\n    at file:///var/www/karaweiss/current/soladiankcom/node_modules/@vitest/runner/dist/index.js:146:14\n    at file:///var/www/karaweiss/current/soladiankcom/node_modules/@vitest/runner/dist/index.js:533:11\n    at runWithTimeout (file:///var/www/karaweiss/current/soladiankcom/node_modules/@vitest/runner/dist/index.js:39:7)\n    at runTest (file:///var/www/karaweiss/current/soladiankcom/node_modules/@vitest/runner/dist/index.js:1056:17)\n    at runSuite (file:///var/www/karaweiss/current/soladiankcom/node_modules/@vitest/runner/dist/index.js:1205:15)\n    at runSuite (file:///var/www/karaweiss/current/soladiankcom/node_modules/@vitest/runner/dist/index.js:1205:15)"],"location":{"line":208,"column":5},"meta":{}},{"ancestorTitles":["OfflineManager","Cart Management"],"fullName":"OfflineManager Cart Management should get cart items","status":"failed","title":"should get cart items","duration":30027.955973999997,"failureMessages":["Error: Test timed out in 10000ms.\nIf this is a long-running test, pass a timeout value as the last argument or configure it globally with \"testTimeout\".\n    at Timeout.<anonymous> (file:///var/www/karaweiss/current/soladiankcom/node_modules/@vitest/runner/dist/index.js:44:18)\n    at listOnTimeout (node:internal/timers:588:17)\n    at processTimers (node:internal/timers:523:7)","Error: Test timed out in 10000ms.\nIf this is a long-running test, pass a timeout value as the last argument or configure it globally with \"testTimeout\".\n    at Timeout.<anonymous> (file:///var/www/karaweiss/current/soladiankcom/node_modules/@vitest/runner/dist/index.js:44:18)\n    at listOnTimeout (node:internal/timers:588:17)\n    at processTimers (node:internal/timers:523:7)","Error: Test timed out in 10000ms.\nIf this is a long-running test, pass a timeout value as the last argument or configure it globally with \"testTimeout\".\n    at Timeout.<anonymous> (file:///var/www/karaweiss/current/soladiankcom/node_modules/@vitest/runner/dist/index.js:44:18)\n    at listOnTimeout (node:internal/timers:588:17)\n    at processTimers (node:internal/timers:523:7)"],"location":{"line":225,"column":5},"meta":{}},{"ancestorTitles":["OfflineManager","Cart Management"],"fullName":"OfflineManager Cart Management should remove cart item","status":"failed","title":"should remove cart item","duration":30020.33080299999,"failureMessages":["Error: Test timed out in 10000ms.\nIf this is a long-running test, pass a timeout value as the last argument or configure it globally with \"testTimeout\".\n    at Timeout.<anonymous> (file:///var/www/karaweiss/current/soladiankcom/node_modules/@vitest/runner/dist/index.js:44:18)\n    at listOnTimeout (node:internal/timers:588:17)\n    at processTimers (node:internal/timers:523:7)","Error: Test timed out in 10000ms.\nIf this is a long-running test, pass a timeout value as the last argument or configure it globally with \"testTimeout\".\n    at Timeout.<anonymous> (file:///var/www/karaweiss/current/soladiankcom/node_modules/@vitest/runner/dist/index.js:44:18)\n    at listOnTimeout (node:internal/timers:588:17)\n    at processTimers (node:internal/timers:523:7)","Error: Test timed out in 10000ms.\nIf this is a long-running test, pass a timeout value as the last argument or configure it globally with \"testTimeout\".\n    at Timeout.<anonymous> (file:///var/www/karaweiss/current/soladiankcom/node_modules/@vitest/runner/dist/index.js:44:18)\n    at listOnTimeout (node:internal/timers:588:17)\n    at processTimers (node:internal/timers:523:7)"],"location":{"line":254,"column":5},"meta":{}},{"ancestorTitles":["OfflineManager","Cart Management"],"fullName":"OfflineManager Cart Management should clear cart","status":"failed","title":"should clear cart","duration":30029.315184000006,"failureMessages":["Error: Test timed out in 10000ms.\nIf this is a long-running test, pass a timeout value as the last argument or configure it globally with \"testTimeout\".\n    at Timeout.<anonymous> (file:///var/www/karaweiss/current/soladiankcom/node_modules/@vitest/runner/dist/index.js:44:18)\n    at listOnTimeout (node:internal/timers:588:17)\n    at processTimers (node:internal/timers:523:7)","Error: Test timed out in 10000ms.\nIf this is a long-running test, pass a timeout value as the last argument or configure it globally with \"testTimeout\".\n    at Timeout.<anonymous> (file:///var/www/karaweiss/current/soladiankcom/node_modules/@vitest/runner/dist/index.js:44:18)\n    at listOnTimeout (node:internal/timers:588:17)\n    at processTimers (node:internal/timers:523:7)","Error: Test timed out in 10000ms.\nIf this is a long-running test, pass a timeout value as the last argument or configure it globally with \"testTimeout\".\n    at Timeout.<anonymous> (file:///var/www/karaweiss/current/soladiankcom/node_modules/@vitest/runner/dist/index.js:44:18)\n    at listOnTimeout (node:internal/timers:588:17)\n    at processTimers (node:internal/timers:523:7)"],"location":{"line":272,"column":5},"meta":{}},{"ancestorTitles":["OfflineManager","Settings Management"],"fullName":"OfflineManager Settings Management should save setting","status":"failed","title":"should save setting","duration":1.3553119999996852,"failureMessages":["TypeError: store.put is not a function\n    at /var/www/karaweiss/current/soladiankcom/frontend/src/services/OfflineManager.ts:293:29\n    at new Promise (<anonymous>)\n    at OfflineManager.saveSetting (/var/www/karaweiss/current/soladiankcom/frontend/src/services/OfflineManager.ts:290:12)\n    at /var/www/karaweiss/current/soladiankcom/frontend/src/tests/services/OfflineManager.test.ts:296:28\n    at file:///var/www/karaweiss/current/soladiankcom/node_modules/@vitest/runner/dist/index.js:146:14\n    at file:///var/www/karaweiss/current/soladiankcom/node_modules/@vitest/runner/dist/index.js:533:11\n    at runWithTimeout (file:///var/www/karaweiss/current/soladiankcom/node_modules/@vitest/runner/dist/index.js:39:7)\n    at runTest (file:///var/www/karaweiss/current/soladiankcom/node_modules/@vitest/runner/dist/index.js:1056:17)\n    at runSuite (file:///var/www/karaweiss/current/soladiankcom/node_modules/@vitest/runner/dist/index.js:1205:15)\n    at runSuite (file:///var/www/karaweiss/current/soladiankcom/node_modules/@vitest/runner/dist/index.js:1205:15)","TypeError: store.put is not a function\n    at /var/www/karaweiss/current/soladiankcom/frontend/src/services/OfflineManager.ts:293:29\n    at new Promise (<anonymous>)\n    at OfflineManager.saveSetting (/var/www/karaweiss/current/soladiankcom/frontend/src/services/OfflineManager.ts:290:12)\n    at /var/www/karaweiss/current/soladiankcom/frontend/src/tests/services/OfflineManager.test.ts:296:28\n    at file:///var/www/karaweiss/current/soladiankcom/node_modules/@vitest/runner/dist/index.js:146:14\n    at file:///var/www/karaweiss/current/soladiankcom/node_modules/@vitest/runner/dist/index.js:533:11\n    at runWithTimeout (file:///var/www/karaweiss/current/soladiankcom/node_modules/@vitest/runner/dist/index.js:39:7)\n    at runTest (file:///var/www/karaweiss/current/soladiankcom/node_modules/@vitest/runner/dist/index.js:1056:17)\n    at runSuite (file:///var/www/karaweiss/current/soladiankcom/node_modules/@vitest/runner/dist/index.js:1205:15)\n    at runSuite (file:///var/www/karaweiss/current/soladiankcom/node_modules/@vitest/runner/dist/index.js:1205:15)","TypeError: store.put is not a function\n    at /var/www/karaweiss/current/soladiankcom/frontend/src/services/OfflineManager.ts:293:29\n    at new Promise (<anonymous>)\n    at OfflineManager.saveSetting (/var/www/karaweiss/current/soladiankcom/frontend/src/services/OfflineManager.ts:290:12)\n    at /var/www/karaweiss/current/soladiankcom/frontend/src/tests/services/OfflineManager.test.ts:296:28\n    at file:///var/www/karaweiss/current/soladiankcom/node_modules/@vitest/runner/dist/index.js:146:14\n    at file:///var/www/karaweiss/current/soladiankcom/node_modules/@vitest/runner/dist/index.js:533:11\n    at runWithTimeout (file:///var/www/karaweiss/current/soladiankcom/node_modules/@vitest/runner/dist/index.js:39:7)\n    at runTest (file:///var/www/karaweiss/current/soladiankcom/node_modules/@vitest/runner/dist/index.js:1056:17)\n    at runSuite (file:///var/www/karaweiss/current/soladiankcom/node_modules/@vitest/runner/dist/index.js:1205:15)\n    at runSuite (file:///var/www/karaweiss/current/soladiankcom/node_modules/@vitest/runner/dist/index.js:1205:15)"],"location":{"line":290,"column":5},"meta":{}},{"ancestorTitles":["OfflineManager","Settings Management"],"fullName":"OfflineManager Settings Management should get setting","status":"failed","title":"should get setting","duration":30019.356585,"failureMessages":["Error: Test timed out in 10000ms.\nIf this is a long-running test, pass a timeout value as the last argument or configure it globally with \"testTimeout\".\n    at Timeout.<anonymous> (file:///var/www/karaweiss/current/soladiankcom/node_modules/@vitest/runner/dist/index.js:44:18)\n    at listOnTimeout (node:internal/timers:588:17)\n    at processTimers (node:internal/timers:523:7)","Error: Test timed out in 10000ms.\nIf this is a long-running test, pass a timeout value as the last argument or configure it globally with \"testTimeout\".\n    at Timeout.<anonymous> (file:///var/www/karaweiss/current/soladiankcom/node_modules/@vitest/runner/dist/index.js:44:18)\n    at listOnTimeout (node:internal/timers:588:17)\n    at processTimers (node:internal/timers:523:7)","Error: Test timed out in 10000ms.\nIf this is a long-running test, pass a timeout value as the last argument or configure it globally with \"testTimeout\".\n    at Timeout.<anonymous> (file:///var/www/karaweiss/current/soladiankcom/node_modules/@vitest/runner/dist/index.js:44:18)\n    at listOnTimeout (node:internal/timers:588:17)\n    at processTimers (node:internal/timers:523:7)"],"location":{"line":300,"column":5},"meta":{}},{"ancestorTitles":["OfflineManager","Sync Management"],"fullName":"OfflineManager Sync Management should sync transactions with server","status":"failed","title":"should sync transactions with server","duration":30028.89052700001,"failureMessages":["Error: Test timed out in 10000ms.\nIf this is a long-running test, pass a timeout value as the last argument or configure it globally with \"testTimeout\".\n    at Timeout.<anonymous> (file:///var/www/karaweiss/current/soladiankcom/node_modules/@vitest/runner/dist/index.js:44:18)\n    at listOnTimeout (node:internal/timers:588:17)\n    at processTimers (node:internal/timers:523:7)","Error: Test timed out in 10000ms.\nIf this is a long-running test, pass a timeout value as the last argument or configure it globally with \"testTimeout\".\n    at Timeout.<anonymous> (file:///var/www/karaweiss/current/soladiankcom/node_modules/@vitest/runner/dist/index.js:44:18)\n    at listOnTimeout (node:internal/timers:588:17)\n    at processTimers (node:internal/timers:523:7)","Error: Test timed out in 10000ms.\nIf this is a long-running test, pass a timeout value as the last argument or configure it globally with \"testTimeout\".\n    at Timeout.<anonymous> (file:///var/www/karaweiss/current/soladiankcom/node_modules/@vitest/runner/dist/index.js:44:18)\n    at listOnTimeout (node:internal/timers:588:17)\n    at processTimers (node:internal/timers:523:7)"],"location":{"line":322,"column":5},"meta":{}},{"ancestorTitles":["OfflineManager","Sync Management"],"fullName":"OfflineManager Sync Management should handle sync errors gracefully","status":"failed","title":"should handle sync errors gracefully","duration":30021.227375000017,"failureMessages":["Error: Test timed out in 10000ms.\nIf this is a long-running test, pass a timeout value as the last argument or configure it globally with \"testTimeout\".\n    at Timeout.<anonymous> (file:///var/www/karaweiss/current/soladiankcom/node_modules/@vitest/runner/dist/index.js:44:18)\n    at listOnTimeout (node:internal/timers:588:17)\n    at processTimers (node:internal/timers:523:7)","Error: Test timed out in 10000ms.\nIf this is a long-running test, pass a timeout value as the last argument or configure it globally with \"testTimeout\".\n    at Timeout.<anonymous> (file:///var/www/karaweiss/current/soladiankcom/node_modules/@vitest/runner/dist/index.js:44:18)\n    at listOnTimeout (node:internal/timers:588:17)\n    at processTimers (node:internal/timers:523:7)","Error: Test timed out in 10000ms.\nIf this is a long-running test, pass a timeout value as the last argument or configure it globally with \"testTimeout\".\n    at Timeout.<anonymous> (file:///var/www/karaweiss/current/soladiankcom/node_modules/@vitest/runner/dist/index.js:44:18)\n    at listOnTimeout (node:internal/timers:588:17)\n    at processTimers (node:internal/timers:523:7)"],"location":{"line":369,"column":5},"meta":{}},{"ancestorTitles":["OfflineManager","Utility Methods"],"fullName":"OfflineManager Utility Methods should get offline data count","status":"failed","title":"should get offline data count","duration":30028.210852999997,"failureMessages":["Error: Test timed out in 10000ms.\nIf this is a long-running test, pass a timeout value as the last argument or configure it globally with \"testTimeout\".\n    at Timeout.<anonymous> (file:///var/www/karaweiss/current/soladiankcom/node_modules/@vitest/runner/dist/index.js:44:18)\n    at listOnTimeout (node:internal/timers:588:17)\n    at processTimers (node:internal/timers:523:7)","Error: Test timed out in 10000ms.\nIf this is a long-running test, pass a timeout value as the last argument or configure it globally with \"testTimeout\".\n    at Timeout.<anonymous> (file:///var/www/karaweiss/current/soladiankcom/node_modules/@vitest/runner/dist/index.js:44:18)\n    at listOnTimeout (node:internal/timers:588:17)\n    at processTimers (node:internal/timers:523:7)","Error: Test timed out in 10000ms.\nIf this is a long-running test, pass a timeout value as the last argument or configure it globally with \"testTimeout\".\n    at Timeout.<anonymous> (file:///var/www/karaweiss/current/soladiankcom/node_modules/@vitest/runner/dist/index.js:44:18)\n    at listOnTimeout (node:internal/timers:588:17)\n    at processTimers (node:internal/timers:523:7)"],"location":{"line":390,"column":5},"meta":{}},{"ancestorTitles":["OfflineManager","Utility Methods"],"fullName":"OfflineManager Utility Methods should clear all data","status":"failed","title":"should clear all data","duration":30019.496478000015,"failureMessages":["Error: Test timed out in 10000ms.\nIf this is a long-running test, pass a timeout value as the last argument or configure it globally with \"testTimeout\".\n    at Timeout.<anonymous> (file:///var/www/karaweiss/current/soladiankcom/node_modules/@vitest/runner/dist/index.js:44:18)\n    at listOnTimeout (node:internal/timers:588:17)\n    at processTimers (node:internal/timers:523:7)","Error: Test timed out in 10000ms.\nIf this is a long-running test, pass a timeout value as the last argument or configure it globally with \"testTimeout\".\n    at Timeout.<anonymous> (file:///var/www/karaweiss/current/soladiankcom/node_modules/@vitest/runner/dist/index.js:44:18)\n    at listOnTimeout (node:internal/timers:588:17)\n    at processTimers (node:internal/timers:523:7)","Error: Test timed out in 10000ms.\nIf this is a long-running test, pass a timeout value as the last argument or configure it globally with \"testTimeout\".\n    at Timeout.<anonymous> (file:///var/www/karaweiss/current/soladiankcom/node_modules/@vitest/runner/dist/index.js:44:18)\n    at listOnTimeout (node:internal/timers:588:17)\n    at processTimers (node:internal/timers:523:7)"],"location":{"line":411,"column":5},"meta":{}},{"ancestorTitles":["OfflineManager","Error Handling"],"fullName":"OfflineManager Error Handling should handle database initialization errors","status":"passed","title":"should handle database initialization errors","duration":1.4376460000057705,"failureMessages":[],"location":{"line":431,"column":5},"meta":{}},{"ancestorTitles":["OfflineManager","Error Handling"],"fullName":"OfflineManager Error Handling should handle database operation errors","status":"failed","title":"should handle database operation errors","duration":30021.382915999973,"failureMessages":["Error: Test timed out in 10000ms.\nIf this is a long-running test, pass a timeout value as the last argument or configure it globally with \"testTimeout\".\n    at Timeout.<anonymous> (file:///var/www/karaweiss/current/soladiankcom/node_modules/@vitest/runner/dist/index.js:44:18)\n    at listOnTimeout (node:internal/timers:588:17)\n    at processTimers (node:internal/timers:523:7)","Error: Test timed out in 10000ms.\nIf this is a long-running test, pass a timeout value as the last argument or configure it globally with \"testTimeout\".\n    at Timeout.<anonymous> (file:///var/www/karaweiss/current/soladiankcom/node_modules/@vitest/runner/dist/index.js:44:18)\n    at listOnTimeout (node:internal/timers:588:17)\n    at processTimers (node:internal/timers:523:7)","Error: Test timed out in 10000ms.\nIf this is a long-running test, pass a timeout value as the last argument or configure it globally with \"testTimeout\".\n    at Timeout.<anonymous> (file:///var/www/karaweiss/current/soladiankcom/node_modules/@vitest/runner/dist/index.js:44:18)\n    at listOnTimeout (node:internal/timers:588:17)\n    at processTimers (node:internal/timers:523:7)"],"location":{"line":456,"column":5},"meta":{}}],"startTime":1759690245753,"endTime":1759690636082.3828,"status":"failed","message":"","name":"/var/www/karaweiss/current/soladiankcom/frontend/src/tests/services/OfflineManager.test.ts"}]}